{"C:\\final-project-productzilla\\app.js": {"path":"C:\\final-project-productzilla\\app.js","statementMap":{"0":{"start":{"line":1,"column":19},"end":{"line":1,"column":38}},"1":{"start":{"line":3,"column":12},"end":{"line":3,"column":20}},"2":{"start":{"line":5,"column":0},"end":{"line":7,"column":2}}},"fnMap":{},"branchMap":{},"s":{"0":1,"1":1,"2":1},"f":{},"b":{},"_coverageSchema":"1a1c01bbd47fc00a2c39e90264f33305004495a9","hash":"1c852cc366473c05629172e7147ccc9954d773d1"}
,"C:\\final-project-productzilla\\server.js": {"path":"C:\\final-project-productzilla\\server.js","statementMap":{"0":{"start":{"line":1,"column":16},"end":{"line":1,"column":34}},"1":{"start":{"line":2,"column":19},"end":{"line":2,"column":41}},"2":{"start":{"line":3,"column":13},"end":{"line":3,"column":28}},"3":{"start":{"line":4,"column":0},"end":{"line":4,"column":27}},"4":{"start":{"line":5,"column":18},"end":{"line":5,"column":47}},"5":{"start":{"line":6,"column":13},"end":{"line":6,"column":31}},"6":{"start":{"line":7,"column":11},"end":{"line":7,"column":24}},"7":{"start":{"line":8,"column":11},"end":{"line":8,"column":32}},"8":{"start":{"line":13,"column":4},"end":{"line":13,"column":36}},"9":{"start":{"line":14,"column":16},"end":{"line":14,"column":25}},"10":{"start":{"line":15,"column":4},"end":{"line":15,"column":31}},"11":{"start":{"line":16,"column":4},"end":{"line":16,"column":20}},"12":{"start":{"line":18,"column":28},"end":{"line":18,"column":89}},"13":{"start":{"line":19,"column":4},"end":{"line":19,"column":74}},"14":{"start":{"line":22,"column":23},"end":{"line":22,"column":58}},"15":{"start":{"line":23,"column":4},"end":{"line":23,"column":29}},"16":{"start":{"line":26,"column":23},"end":{"line":26,"column":58}},"17":{"start":{"line":27,"column":24},"end":{"line":27,"column":60}},"18":{"start":{"line":28,"column":4},"end":{"line":28,"column":29}},"19":{"start":{"line":29,"column":4},"end":{"line":29,"column":30}},"20":{"start":{"line":32,"column":24},"end":{"line":32,"column":61}},"21":{"start":{"line":33,"column":31},"end":{"line":33,"column":75}},"22":{"start":{"line":34,"column":26},"end":{"line":34,"column":66}},"23":{"start":{"line":35,"column":4},"end":{"line":35,"column":30}},"24":{"start":{"line":36,"column":4},"end":{"line":36,"column":37}},"25":{"start":{"line":37,"column":4},"end":{"line":37,"column":32}},"26":{"start":{"line":40,"column":25},"end":{"line":40,"column":64}},"27":{"start":{"line":41,"column":26},"end":{"line":41,"column":66}},"28":{"start":{"line":42,"column":26},"end":{"line":42,"column":66}},"29":{"start":{"line":43,"column":4},"end":{"line":43,"column":31}},"30":{"start":{"line":44,"column":4},"end":{"line":44,"column":32}},"31":{"start":{"line":45,"column":4},"end":{"line":45,"column":32}},"32":{"start":{"line":47,"column":4},"end":{"line":47,"column":14}},"33":{"start":{"line":51,"column":0},"end":{"line":53,"column":2}}},"fnMap":{"0":{"name":"server","decl":{"start":{"line":12,"column":9},"end":{"line":12,"column":15}},"loc":{"start":{"line":12,"column":18},"end":{"line":49,"column":1}},"line":12}},"branchMap":{},"s":{"0":1,"1":1,"2":1,"3":1,"4":1,"5":1,"6":1,"7":1,"8":1,"9":1,"10":1,"11":1,"12":1,"13":1,"14":1,"15":1,"16":1,"17":1,"18":1,"19":1,"20":1,"21":1,"22":1,"23":1,"24":1,"25":1,"26":1,"27":1,"28":1,"29":1,"30":1,"31":1,"32":1,"33":1},"f":{"0":1},"b":{},"_coverageSchema":"1a1c01bbd47fc00a2c39e90264f33305004495a9","hash":"876c1eeca077396b903427b4fd0aab374d851819"}
,"C:\\final-project-productzilla\\controllers\\auth\\adminController.js": {"path":"C:\\final-project-productzilla\\controllers\\auth\\adminController.js","statementMap":{"0":{"start":{"line":1,"column":13},"end":{"line":1,"column":46}},"1":{"start":{"line":3,"column":0},"end":{"line":10,"column":2}},"2":{"start":{"line":4,"column":4},"end":{"line":9,"column":5}},"3":{"start":{"line":5,"column":23},"end":{"line":5,"column":57}},"4":{"start":{"line":6,"column":8},"end":{"line":6,"column":37}},"5":{"start":{"line":8,"column":8},"end":{"line":8,"column":57}},"6":{"start":{"line":12,"column":0},"end":{"line":20,"column":2}},"7":{"start":{"line":13,"column":4},"end":{"line":19,"column":5}},"8":{"start":{"line":14,"column":22},"end":{"line":14,"column":56}},"9":{"start":{"line":15,"column":8},"end":{"line":16,"column":41}},"10":{"start":{"line":15,"column":38},"end":{"line":15,"column":91}},"11":{"start":{"line":16,"column":13},"end":{"line":16,"column":41}},"12":{"start":{"line":18,"column":8},"end":{"line":18,"column":57}},"13":{"start":{"line":22,"column":0},"end":{"line":38,"column":2}},"14":{"start":{"line":23,"column":18},"end":{"line":31,"column":6}},"15":{"start":{"line":32,"column":4},"end":{"line":37,"column":5}},"16":{"start":{"line":33,"column":25},"end":{"line":33,"column":43}},"17":{"start":{"line":34,"column":8},"end":{"line":34,"column":39}},"18":{"start":{"line":36,"column":8},"end":{"line":36,"column":57}},"19":{"start":{"line":40,"column":0},"end":{"line":57,"column":2}},"20":{"start":{"line":41,"column":4},"end":{"line":56,"column":5}},"21":{"start":{"line":42,"column":22},"end":{"line":42,"column":56}},"22":{"start":{"line":43,"column":8},"end":{"line":43,"column":91}},"23":{"start":{"line":43,"column":38},"end":{"line":43,"column":91}},"24":{"start":{"line":45,"column":8},"end":{"line":45,"column":61}},"25":{"start":{"line":46,"column":8},"end":{"line":46,"column":52}},"26":{"start":{"line":47,"column":8},"end":{"line":47,"column":61}},"27":{"start":{"line":48,"column":8},"end":{"line":48,"column":64}},"28":{"start":{"line":49,"column":8},"end":{"line":49,"column":67}},"29":{"start":{"line":50,"column":8},"end":{"line":50,"column":55}},"30":{"start":{"line":52,"column":29},"end":{"line":52,"column":47}},"31":{"start":{"line":53,"column":8},"end":{"line":53,"column":43}},"32":{"start":{"line":55,"column":8},"end":{"line":55,"column":57}},"33":{"start":{"line":59,"column":0},"end":{"line":69,"column":2}},"34":{"start":{"line":60,"column":4},"end":{"line":68,"column":5}},"35":{"start":{"line":61,"column":22},"end":{"line":61,"column":56}},"36":{"start":{"line":62,"column":8},"end":{"line":62,"column":91}},"37":{"start":{"line":62,"column":38},"end":{"line":62,"column":91}},"38":{"start":{"line":64,"column":8},"end":{"line":64,"column":32}},"39":{"start":{"line":65,"column":8},"end":{"line":65,"column":72}},"40":{"start":{"line":67,"column":8},"end":{"line":67,"column":57}}},"fnMap":{"0":{"name":"(anonymous_0)","decl":{"start":{"line":3,"column":23},"end":{"line":3,"column":24}},"loc":{"start":{"line":3,"column":43},"end":{"line":10,"column":1}},"line":3},"1":{"name":"(anonymous_1)","decl":{"start":{"line":12,"column":23},"end":{"line":12,"column":24}},"loc":{"start":{"line":12,"column":43},"end":{"line":20,"column":1}},"line":12},"2":{"name":"(anonymous_2)","decl":{"start":{"line":22,"column":22},"end":{"line":22,"column":23}},"loc":{"start":{"line":22,"column":42},"end":{"line":38,"column":1}},"line":22},"3":{"name":"(anonymous_3)","decl":{"start":{"line":40,"column":22},"end":{"line":40,"column":23}},"loc":{"start":{"line":40,"column":42},"end":{"line":57,"column":1}},"line":40},"4":{"name":"(anonymous_4)","decl":{"start":{"line":59,"column":22},"end":{"line":59,"column":23}},"loc":{"start":{"line":59,"column":42},"end":{"line":69,"column":1}},"line":59}},"branchMap":{"0":{"loc":{"start":{"line":15,"column":8},"end":{"line":16,"column":41}},"type":"if","locations":[{"start":{"line":15,"column":8},"end":{"line":16,"column":41}},{"start":{"line":16,"column":13},"end":{"line":16,"column":41}}],"line":15},"1":{"loc":{"start":{"line":15,"column":12},"end":{"line":15,"column":36}},"type":"binary-expr","locations":[{"start":{"line":15,"column":12},"end":{"line":15,"column":18}},{"start":{"line":15,"column":22},"end":{"line":15,"column":36}}],"line":15},"2":{"loc":{"start":{"line":43,"column":8},"end":{"line":43,"column":91}},"type":"if","locations":[{"start":{"line":43,"column":8},"end":{"line":43,"column":91}},{"start":{},"end":{}}],"line":43},"3":{"loc":{"start":{"line":43,"column":12},"end":{"line":43,"column":36}},"type":"binary-expr","locations":[{"start":{"line":43,"column":12},"end":{"line":43,"column":18}},{"start":{"line":43,"column":22},"end":{"line":43,"column":36}}],"line":43},"4":{"loc":{"start":{"line":45,"column":25},"end":{"line":45,"column":60}},"type":"binary-expr","locations":[{"start":{"line":45,"column":25},"end":{"line":45,"column":42}},{"start":{"line":45,"column":46},"end":{"line":45,"column":60}}],"line":45},"5":{"loc":{"start":{"line":46,"column":22},"end":{"line":46,"column":51}},"type":"binary-expr","locations":[{"start":{"line":46,"column":22},"end":{"line":46,"column":36}},{"start":{"line":46,"column":40},"end":{"line":46,"column":51}}],"line":46},"6":{"loc":{"start":{"line":47,"column":25},"end":{"line":47,"column":60}},"type":"binary-expr","locations":[{"start":{"line":47,"column":25},"end":{"line":47,"column":42}},{"start":{"line":47,"column":46},"end":{"line":47,"column":60}}],"line":47},"7":{"loc":{"start":{"line":48,"column":26},"end":{"line":48,"column":63}},"type":"binary-expr","locations":[{"start":{"line":48,"column":26},"end":{"line":48,"column":44}},{"start":{"line":48,"column":48},"end":{"line":48,"column":63}}],"line":48},"8":{"loc":{"start":{"line":49,"column":27},"end":{"line":49,"column":66}},"type":"binary-expr","locations":[{"start":{"line":49,"column":27},"end":{"line":49,"column":46}},{"start":{"line":49,"column":50},"end":{"line":49,"column":66}}],"line":49},"9":{"loc":{"start":{"line":50,"column":23},"end":{"line":50,"column":54}},"type":"binary-expr","locations":[{"start":{"line":50,"column":23},"end":{"line":50,"column":38}},{"start":{"line":50,"column":42},"end":{"line":50,"column":54}}],"line":50},"10":{"loc":{"start":{"line":62,"column":8},"end":{"line":62,"column":91}},"type":"if","locations":[{"start":{"line":62,"column":8},"end":{"line":62,"column":91}},{"start":{},"end":{}}],"line":62},"11":{"loc":{"start":{"line":62,"column":12},"end":{"line":62,"column":36}},"type":"binary-expr","locations":[{"start":{"line":62,"column":12},"end":{"line":62,"column":18}},{"start":{"line":62,"column":22},"end":{"line":62,"column":36}}],"line":62}},"s":{"0":1,"1":1,"2":0,"3":0,"4":0,"5":0,"6":1,"7":0,"8":0,"9":0,"10":0,"11":0,"12":0,"13":1,"14":1,"15":1,"16":1,"17":1,"18":0,"19":1,"20":0,"21":0,"22":0,"23":0,"24":0,"25":0,"26":0,"27":0,"28":0,"29":0,"30":0,"31":0,"32":0,"33":1,"34":0,"35":0,"36":0,"37":0,"38":0,"39":0,"40":0},"f":{"0":0,"1":0,"2":1,"3":0,"4":0},"b":{"0":[0,0],"1":[0,0],"2":[0,0],"3":[0,0],"4":[0,0],"5":[0,0],"6":[0,0],"7":[0,0],"8":[0,0],"9":[0,0],"10":[0,0],"11":[0,0]},"_coverageSchema":"1a1c01bbd47fc00a2c39e90264f33305004495a9","hash":"f9e26be328fb9b997a97e7c33bf7748741d3cad0"}
,"C:\\final-project-productzilla\\controllers\\auth\\auth.js": {"path":"C:\\final-project-productzilla\\controllers\\auth\\auth.js","statementMap":{"0":{"start":{"line":1,"column":13},"end":{"line":1,"column":46}},"1":{"start":{"line":2,"column":25},"end":{"line":2,"column":70}},"2":{"start":{"line":3,"column":17},"end":{"line":3,"column":36}},"3":{"start":{"line":4,"column":12},"end":{"line":4,"column":35}},"4":{"start":{"line":6,"column":0},"end":{"line":54,"column":2}},"5":{"start":{"line":7,"column":30},"end":{"line":7,"column":38}},"6":{"start":{"line":10,"column":2},"end":{"line":12,"column":3}},"7":{"start":{"line":11,"column":4},"end":{"line":11,"column":80}},"8":{"start":{"line":14,"column":2},"end":{"line":53,"column":3}},"9":{"start":{"line":16,"column":17},"end":{"line":16,"column":46}},"10":{"start":{"line":18,"column":4},"end":{"line":20,"column":5}},"11":{"start":{"line":19,"column":6},"end":{"line":19,"column":65}},"12":{"start":{"line":23,"column":20},"end":{"line":23,"column":56}},"13":{"start":{"line":25,"column":4},"end":{"line":27,"column":5}},"14":{"start":{"line":26,"column":6},"end":{"line":26,"column":70}},"15":{"start":{"line":28,"column":4},"end":{"line":30,"column":5}},"16":{"start":{"line":29,"column":6},"end":{"line":29,"column":23}},"17":{"start":{"line":33,"column":18},"end":{"line":33,"column":80}},"18":{"start":{"line":36,"column":4},"end":{"line":36,"column":48}},"19":{"start":{"line":37,"column":4},"end":{"line":37,"column":22}},"20":{"start":{"line":39,"column":4},"end":{"line":50,"column":9}},"21":{"start":{"line":52,"column":4},"end":{"line":52,"column":53}},"22":{"start":{"line":55,"column":0},"end":{"line":70,"column":2}},"23":{"start":{"line":56,"column":28},"end":{"line":56,"column":39}},"24":{"start":{"line":57,"column":2},"end":{"line":59,"column":3}},"25":{"start":{"line":58,"column":4},"end":{"line":58,"column":61}},"26":{"start":{"line":60,"column":16},"end":{"line":60,"column":52}},"27":{"start":{"line":62,"column":27},"end":{"line":62,"column":68}},"28":{"start":{"line":63,"column":2},"end":{"line":65,"column":3}},"29":{"start":{"line":64,"column":4},"end":{"line":64,"column":62}},"30":{"start":{"line":67,"column":30},"end":{"line":67,"column":61}},"31":{"start":{"line":68,"column":2},"end":{"line":68,"column":35}},"32":{"start":{"line":69,"column":2},"end":{"line":69,"column":57}}},"fnMap":{"0":{"name":"(anonymous_0)","decl":{"start":{"line":6,"column":16},"end":{"line":6,"column":17}},"loc":{"start":{"line":6,"column":36},"end":{"line":54,"column":1}},"line":6},"1":{"name":"(anonymous_1)","decl":{"start":{"line":55,"column":17},"end":{"line":55,"column":18}},"loc":{"start":{"line":55,"column":37},"end":{"line":70,"column":1}},"line":55}},"branchMap":{"0":{"loc":{"start":{"line":10,"column":2},"end":{"line":12,"column":3}},"type":"if","locations":[{"start":{"line":10,"column":2},"end":{"line":12,"column":3}},{"start":{},"end":{}}],"line":10},"1":{"loc":{"start":{"line":10,"column":6},"end":{"line":10,"column":25}},"type":"binary-expr","locations":[{"start":{"line":10,"column":6},"end":{"line":10,"column":12}},{"start":{"line":10,"column":16},"end":{"line":10,"column":25}}],"line":10},"2":{"loc":{"start":{"line":18,"column":4},"end":{"line":20,"column":5}},"type":"if","locations":[{"start":{"line":18,"column":4},"end":{"line":20,"column":5}},{"start":{},"end":{}}],"line":18},"3":{"loc":{"start":{"line":25,"column":4},"end":{"line":27,"column":5}},"type":"if","locations":[{"start":{"line":25,"column":4},"end":{"line":27,"column":5}},{"start":{},"end":{}}],"line":25},"4":{"loc":{"start":{"line":28,"column":4},"end":{"line":30,"column":5}},"type":"if","locations":[{"start":{"line":28,"column":4},"end":{"line":30,"column":5}},{"start":{},"end":{}}],"line":28},"5":{"loc":{"start":{"line":57,"column":2},"end":{"line":59,"column":3}},"type":"if","locations":[{"start":{"line":57,"column":2},"end":{"line":59,"column":3}},{"start":{},"end":{}}],"line":57},"6":{"loc":{"start":{"line":63,"column":2},"end":{"line":65,"column":3}},"type":"if","locations":[{"start":{"line":63,"column":2},"end":{"line":65,"column":3}},{"start":{},"end":{}}],"line":63}},"s":{"0":2,"1":2,"2":2,"3":2,"4":2,"5":8,"6":8,"7":3,"8":5,"9":5,"10":5,"11":0,"12":5,"13":5,"14":2,"15":3,"16":0,"17":3,"18":3,"19":3,"20":2,"21":1,"22":2,"23":3,"24":3,"25":1,"26":2,"27":2,"28":2,"29":1,"30":1,"31":1,"32":1},"f":{"0":8,"1":3},"b":{"0":[3,5],"1":[8,6],"2":[0,5],"3":[2,3],"4":[0,3],"5":[1,2],"6":[1,1]},"_coverageSchema":"1a1c01bbd47fc00a2c39e90264f33305004495a9","hash":"911b820b4e6c09499acfa6c318c31982ddacc6fd"}
,"C:\\final-project-productzilla\\controllers\\auth\\userController.js": {"path":"C:\\final-project-productzilla\\controllers\\auth\\userController.js","statementMap":{"0":{"start":{"line":1,"column":13},"end":{"line":1,"column":46}},"1":{"start":{"line":3,"column":0},"end":{"line":10,"column":2}},"2":{"start":{"line":4,"column":4},"end":{"line":9,"column":5}},"3":{"start":{"line":5,"column":22},"end":{"line":5,"column":39}},"4":{"start":{"line":6,"column":8},"end":{"line":6,"column":36}},"5":{"start":{"line":8,"column":8},"end":{"line":8,"column":57}},"6":{"start":{"line":12,"column":0},"end":{"line":20,"column":2}},"7":{"start":{"line":13,"column":4},"end":{"line":19,"column":5}},"8":{"start":{"line":14,"column":21},"end":{"line":14,"column":55}},"9":{"start":{"line":15,"column":8},"end":{"line":16,"column":40}},"10":{"start":{"line":15,"column":19},"end":{"line":15,"column":71}},"11":{"start":{"line":16,"column":13},"end":{"line":16,"column":40}},"12":{"start":{"line":18,"column":8},"end":{"line":18,"column":57}},"13":{"start":{"line":22,"column":0},"end":{"line":38,"column":2}},"14":{"start":{"line":23,"column":4},"end":{"line":37,"column":5}},"15":{"start":{"line":24,"column":21},"end":{"line":31,"column":10}},"16":{"start":{"line":32,"column":24},"end":{"line":32,"column":41}},"17":{"start":{"line":33,"column":8},"end":{"line":33,"column":38}},"18":{"start":{"line":36,"column":8},"end":{"line":36,"column":63}},"19":{"start":{"line":40,"column":0},"end":{"line":57,"column":2}},"20":{"start":{"line":41,"column":4},"end":{"line":56,"column":5}},"21":{"start":{"line":42,"column":21},"end":{"line":42,"column":55}},"22":{"start":{"line":43,"column":8},"end":{"line":43,"column":71}},"23":{"start":{"line":43,"column":19},"end":{"line":43,"column":71}},"24":{"start":{"line":45,"column":8},"end":{"line":45,"column":59}},"25":{"start":{"line":46,"column":8},"end":{"line":46,"column":50}},"26":{"start":{"line":47,"column":8},"end":{"line":47,"column":59}},"27":{"start":{"line":48,"column":8},"end":{"line":48,"column":62}},"28":{"start":{"line":49,"column":8},"end":{"line":49,"column":65}},"29":{"start":{"line":50,"column":8},"end":{"line":50,"column":53}},"30":{"start":{"line":52,"column":28},"end":{"line":52,"column":45}},"31":{"start":{"line":53,"column":8},"end":{"line":53,"column":42}},"32":{"start":{"line":55,"column":8},"end":{"line":55,"column":57}},"33":{"start":{"line":59,"column":0},"end":{"line":69,"column":2}},"34":{"start":{"line":60,"column":4},"end":{"line":68,"column":5}},"35":{"start":{"line":61,"column":21},"end":{"line":61,"column":55}},"36":{"start":{"line":62,"column":8},"end":{"line":62,"column":71}},"37":{"start":{"line":62,"column":19},"end":{"line":62,"column":71}},"38":{"start":{"line":64,"column":8},"end":{"line":64,"column":31}},"39":{"start":{"line":65,"column":8},"end":{"line":65,"column":71}},"40":{"start":{"line":67,"column":8},"end":{"line":67,"column":57}}},"fnMap":{"0":{"name":"(anonymous_0)","decl":{"start":{"line":3,"column":22},"end":{"line":3,"column":23}},"loc":{"start":{"line":3,"column":42},"end":{"line":10,"column":1}},"line":3},"1":{"name":"(anonymous_1)","decl":{"start":{"line":12,"column":22},"end":{"line":12,"column":23}},"loc":{"start":{"line":12,"column":42},"end":{"line":20,"column":1}},"line":12},"2":{"name":"(anonymous_2)","decl":{"start":{"line":22,"column":21},"end":{"line":22,"column":22}},"loc":{"start":{"line":22,"column":41},"end":{"line":38,"column":1}},"line":22},"3":{"name":"(anonymous_3)","decl":{"start":{"line":40,"column":21},"end":{"line":40,"column":22}},"loc":{"start":{"line":40,"column":41},"end":{"line":57,"column":1}},"line":40},"4":{"name":"(anonymous_4)","decl":{"start":{"line":59,"column":21},"end":{"line":59,"column":22}},"loc":{"start":{"line":59,"column":41},"end":{"line":69,"column":1}},"line":59}},"branchMap":{"0":{"loc":{"start":{"line":15,"column":8},"end":{"line":16,"column":40}},"type":"if","locations":[{"start":{"line":15,"column":8},"end":{"line":16,"column":40}},{"start":{"line":16,"column":13},"end":{"line":16,"column":40}}],"line":15},"1":{"loc":{"start":{"line":43,"column":8},"end":{"line":43,"column":71}},"type":"if","locations":[{"start":{"line":43,"column":8},"end":{"line":43,"column":71}},{"start":{},"end":{}}],"line":43},"2":{"loc":{"start":{"line":45,"column":24},"end":{"line":45,"column":58}},"type":"binary-expr","locations":[{"start":{"line":45,"column":24},"end":{"line":45,"column":41}},{"start":{"line":45,"column":45},"end":{"line":45,"column":58}}],"line":45},"3":{"loc":{"start":{"line":46,"column":21},"end":{"line":46,"column":49}},"type":"binary-expr","locations":[{"start":{"line":46,"column":21},"end":{"line":46,"column":35}},{"start":{"line":46,"column":39},"end":{"line":46,"column":49}}],"line":46},"4":{"loc":{"start":{"line":47,"column":24},"end":{"line":47,"column":58}},"type":"binary-expr","locations":[{"start":{"line":47,"column":24},"end":{"line":47,"column":41}},{"start":{"line":47,"column":45},"end":{"line":47,"column":58}}],"line":47},"5":{"loc":{"start":{"line":48,"column":25},"end":{"line":48,"column":61}},"type":"binary-expr","locations":[{"start":{"line":48,"column":25},"end":{"line":48,"column":43}},{"start":{"line":48,"column":47},"end":{"line":48,"column":61}}],"line":48},"6":{"loc":{"start":{"line":49,"column":26},"end":{"line":49,"column":64}},"type":"binary-expr","locations":[{"start":{"line":49,"column":26},"end":{"line":49,"column":45}},{"start":{"line":49,"column":49},"end":{"line":49,"column":64}}],"line":49},"7":{"loc":{"start":{"line":50,"column":22},"end":{"line":50,"column":52}},"type":"binary-expr","locations":[{"start":{"line":50,"column":22},"end":{"line":50,"column":37}},{"start":{"line":50,"column":41},"end":{"line":50,"column":52}}],"line":50},"8":{"loc":{"start":{"line":62,"column":8},"end":{"line":62,"column":71}},"type":"if","locations":[{"start":{"line":62,"column":8},"end":{"line":62,"column":71}},{"start":{},"end":{}}],"line":62}},"s":{"0":2,"1":2,"2":2,"3":2,"4":1,"5":1,"6":2,"7":5,"8":5,"9":4,"10":2,"11":2,"12":1,"13":2,"14":9,"15":9,"16":9,"17":2,"18":7,"19":2,"20":9,"21":9,"22":8,"23":1,"24":8,"25":7,"26":7,"27":7,"28":7,"29":7,"30":7,"31":7,"32":2,"33":2,"34":4,"35":4,"36":3,"37":1,"38":3,"39":2,"40":2},"f":{"0":2,"1":5,"2":9,"3":9,"4":4},"b":{"0":[2,2],"1":[1,7],"2":[8,2],"3":[7,2],"4":[7,2],"5":[7,2],"6":[7,2],"7":[7,7],"8":[1,2]},"_coverageSchema":"1a1c01bbd47fc00a2c39e90264f33305004495a9","hash":"7081218efcb732aad43604cfe0d8774dc95cd40f"}
,"C:\\final-project-productzilla\\controllers\\flight\\bookingController.js": {"path":"C:\\final-project-productzilla\\controllers\\flight\\bookingController.js","statementMap":{"0":{"start":{"line":1,"column":16},"end":{"line":1,"column":54}},"1":{"start":{"line":2,"column":15},"end":{"line":2,"column":52}},"2":{"start":{"line":5,"column":0},"end":{"line":12,"column":2}},"3":{"start":{"line":6,"column":4},"end":{"line":11,"column":5}},"4":{"start":{"line":7,"column":25},"end":{"line":7,"column":81}},"5":{"start":{"line":8,"column":8},"end":{"line":8,"column":27}},"6":{"start":{"line":10,"column":8},"end":{"line":10,"column":57}},"7":{"start":{"line":15,"column":0},"end":{"line":25,"column":2}},"8":{"start":{"line":16,"column":4},"end":{"line":24,"column":5}},"9":{"start":{"line":17,"column":24},"end":{"line":17,"column":97}},"10":{"start":{"line":18,"column":8},"end":{"line":20,"column":9}},"11":{"start":{"line":19,"column":12},"end":{"line":19,"column":74}},"12":{"start":{"line":21,"column":8},"end":{"line":21,"column":26}},"13":{"start":{"line":23,"column":8},"end":{"line":23,"column":57}},"14":{"start":{"line":29,"column":0},"end":{"line":51,"column":2}},"15":{"start":{"line":30,"column":20},"end":{"line":36,"column":6}},"16":{"start":{"line":38,"column":4},"end":{"line":50,"column":5}},"17":{"start":{"line":39,"column":23},"end":{"line":39,"column":61}},"18":{"start":{"line":40,"column":8},"end":{"line":42,"column":9}},"19":{"start":{"line":41,"column":12},"end":{"line":41,"column":83}},"20":{"start":{"line":43,"column":8},"end":{"line":43,"column":60}},"21":{"start":{"line":44,"column":8},"end":{"line":44,"column":28}},"22":{"start":{"line":46,"column":27},"end":{"line":46,"column":47}},"23":{"start":{"line":47,"column":8},"end":{"line":47,"column":41}},"24":{"start":{"line":49,"column":8},"end":{"line":49,"column":57}},"25":{"start":{"line":54,"column":0},"end":{"line":69,"column":2}},"26":{"start":{"line":55,"column":4},"end":{"line":68,"column":5}},"27":{"start":{"line":56,"column":24},"end":{"line":56,"column":61}},"28":{"start":{"line":57,"column":8},"end":{"line":59,"column":9}},"29":{"start":{"line":58,"column":12},"end":{"line":58,"column":74}},"30":{"start":{"line":60,"column":8},"end":{"line":60,"column":41}},"31":{"start":{"line":61,"column":8},"end":{"line":61,"column":49}},"32":{"start":{"line":62,"column":8},"end":{"line":62,"column":51}},"33":{"start":{"line":63,"column":8},"end":{"line":63,"column":49}},"34":{"start":{"line":64,"column":31},"end":{"line":64,"column":51}},"35":{"start":{"line":65,"column":8},"end":{"line":65,"column":33}},"36":{"start":{"line":67,"column":8},"end":{"line":67,"column":57}},"37":{"start":{"line":72,"column":0},"end":{"line":84,"column":2}},"38":{"start":{"line":73,"column":4},"end":{"line":83,"column":5}},"39":{"start":{"line":74,"column":24},"end":{"line":74,"column":61}},"40":{"start":{"line":75,"column":8},"end":{"line":77,"column":9}},"41":{"start":{"line":76,"column":12},"end":{"line":76,"column":74}},"42":{"start":{"line":79,"column":8},"end":{"line":79,"column":34}},"43":{"start":{"line":80,"column":8},"end":{"line":80,"column":49}},"44":{"start":{"line":82,"column":8},"end":{"line":82,"column":57}}},"fnMap":{"0":{"name":"(anonymous_0)","decl":{"start":{"line":5,"column":25},"end":{"line":5,"column":26}},"loc":{"start":{"line":5,"column":45},"end":{"line":12,"column":1}},"line":5},"1":{"name":"(anonymous_1)","decl":{"start":{"line":15,"column":25},"end":{"line":15,"column":26}},"loc":{"start":{"line":15,"column":45},"end":{"line":25,"column":1}},"line":15},"2":{"name":"(anonymous_2)","decl":{"start":{"line":29,"column":24},"end":{"line":29,"column":25}},"loc":{"start":{"line":29,"column":44},"end":{"line":51,"column":1}},"line":29},"3":{"name":"(anonymous_3)","decl":{"start":{"line":54,"column":24},"end":{"line":54,"column":25}},"loc":{"start":{"line":54,"column":44},"end":{"line":69,"column":1}},"line":54},"4":{"name":"(anonymous_4)","decl":{"start":{"line":72,"column":24},"end":{"line":72,"column":25}},"loc":{"start":{"line":72,"column":44},"end":{"line":84,"column":1}},"line":72}},"branchMap":{"0":{"loc":{"start":{"line":18,"column":8},"end":{"line":20,"column":9}},"type":"if","locations":[{"start":{"line":18,"column":8},"end":{"line":20,"column":9}},{"start":{},"end":{}}],"line":18},"1":{"loc":{"start":{"line":40,"column":8},"end":{"line":42,"column":9}},"type":"if","locations":[{"start":{"line":40,"column":8},"end":{"line":42,"column":9}},{"start":{},"end":{}}],"line":40},"2":{"loc":{"start":{"line":57,"column":8},"end":{"line":59,"column":9}},"type":"if","locations":[{"start":{"line":57,"column":8},"end":{"line":59,"column":9}},{"start":{},"end":{}}],"line":57},"3":{"loc":{"start":{"line":75,"column":8},"end":{"line":77,"column":9}},"type":"if","locations":[{"start":{"line":75,"column":8},"end":{"line":77,"column":9}},{"start":{},"end":{}}],"line":75}},"s":{"0":2,"1":2,"2":2,"3":2,"4":2,"5":1,"6":1,"7":2,"8":3,"9":3,"10":1,"11":0,"12":1,"13":2,"14":2,"15":9,"16":9,"17":9,"18":8,"19":0,"20":7,"21":7,"22":7,"23":2,"24":7,"25":2,"26":3,"27":3,"28":2,"29":0,"30":2,"31":2,"32":2,"33":2,"34":2,"35":2,"36":1,"37":2,"38":3,"39":3,"40":2,"41":0,"42":2,"43":2,"44":1},"f":{"0":2,"1":3,"2":9,"3":3,"4":3},"b":{"0":[0,1],"1":[0,7],"2":[0,2],"3":[0,2]},"_coverageSchema":"1a1c01bbd47fc00a2c39e90264f33305004495a9","hash":"49850580f68425e000bcc3f9b99ea7cc6728e6df"}
,"C:\\final-project-productzilla\\controllers\\flight\\flightController.js": {"path":"C:\\final-project-productzilla\\controllers\\flight\\flightController.js","statementMap":{"0":{"start":{"line":1,"column":15},"end":{"line":1,"column":52}},"1":{"start":{"line":4,"column":0},"end":{"line":24,"column":2}},"2":{"start":{"line":5,"column":2},"end":{"line":23,"column":3}},"3":{"start":{"line":6,"column":19},"end":{"line":6,"column":39}},"4":{"start":{"line":7,"column":4},"end":{"line":7,"column":24}},"5":{"start":{"line":10,"column":24},"end":{"line":19,"column":13}},"6":{"start":{"line":20,"column":4},"end":{"line":20,"column":38}},"7":{"start":{"line":22,"column":4},"end":{"line":22,"column":53}},"8":{"start":{"line":27,"column":0},"end":{"line":40,"column":2}},"9":{"start":{"line":28,"column":41},"end":{"line":28,"column":49}},"10":{"start":{"line":30,"column":2},"end":{"line":39,"column":3}},"11":{"start":{"line":31,"column":20},"end":{"line":34,"column":6}},"12":{"start":{"line":35,"column":4},"end":{"line":35,"column":38}},"13":{"start":{"line":38,"column":4},"end":{"line":38,"column":63}},"14":{"start":{"line":43,"column":0},"end":{"line":50,"column":2}},"15":{"start":{"line":44,"column":2},"end":{"line":49,"column":3}},"16":{"start":{"line":45,"column":20},"end":{"line":45,"column":115}},"17":{"start":{"line":46,"column":4},"end":{"line":46,"column":22}},"18":{"start":{"line":48,"column":4},"end":{"line":48,"column":53}},"19":{"start":{"line":53,"column":0},"end":{"line":63,"column":2}},"20":{"start":{"line":54,"column":2},"end":{"line":62,"column":3}},"21":{"start":{"line":55,"column":19},"end":{"line":55,"column":131}},"22":{"start":{"line":56,"column":4},"end":{"line":58,"column":5}},"23":{"start":{"line":57,"column":6},"end":{"line":57,"column":67}},"24":{"start":{"line":59,"column":4},"end":{"line":59,"column":21}},"25":{"start":{"line":61,"column":4},"end":{"line":61,"column":53}},"26":{"start":{"line":67,"column":0},"end":{"line":77,"column":2}},"27":{"start":{"line":68,"column":2},"end":{"line":76,"column":3}},"28":{"start":{"line":69,"column":19},"end":{"line":69,"column":165}},"29":{"start":{"line":70,"column":4},"end":{"line":72,"column":5}},"30":{"start":{"line":71,"column":6},"end":{"line":71,"column":67}},"31":{"start":{"line":73,"column":4},"end":{"line":73,"column":21}},"32":{"start":{"line":75,"column":4},"end":{"line":75,"column":53}},"33":{"start":{"line":80,"column":0},"end":{"line":91,"column":2}},"34":{"start":{"line":81,"column":2},"end":{"line":90,"column":3}},"35":{"start":{"line":82,"column":19},"end":{"line":82,"column":55}},"36":{"start":{"line":83,"column":4},"end":{"line":85,"column":5}},"37":{"start":{"line":84,"column":6},"end":{"line":84,"column":67}},"38":{"start":{"line":86,"column":4},"end":{"line":86,"column":29}},"39":{"start":{"line":87,"column":4},"end":{"line":87,"column":44}},"40":{"start":{"line":89,"column":4},"end":{"line":89,"column":53}}},"fnMap":{"0":{"name":"(anonymous_0)","decl":{"start":{"line":4,"column":23},"end":{"line":4,"column":24}},"loc":{"start":{"line":4,"column":43},"end":{"line":24,"column":1}},"line":4},"1":{"name":"(anonymous_1)","decl":{"start":{"line":27,"column":30},"end":{"line":27,"column":31}},"loc":{"start":{"line":27,"column":50},"end":{"line":40,"column":1}},"line":27},"2":{"name":"(anonymous_2)","decl":{"start":{"line":43,"column":24},"end":{"line":43,"column":25}},"loc":{"start":{"line":43,"column":44},"end":{"line":50,"column":1}},"line":43},"3":{"name":"(anonymous_3)","decl":{"start":{"line":53,"column":20},"end":{"line":53,"column":21}},"loc":{"start":{"line":53,"column":40},"end":{"line":63,"column":1}},"line":53},"4":{"name":"(anonymous_4)","decl":{"start":{"line":67,"column":23},"end":{"line":67,"column":24}},"loc":{"start":{"line":67,"column":43},"end":{"line":77,"column":1}},"line":67},"5":{"name":"(anonymous_5)","decl":{"start":{"line":80,"column":23},"end":{"line":80,"column":24}},"loc":{"start":{"line":80,"column":43},"end":{"line":91,"column":1}},"line":80}},"branchMap":{"0":{"loc":{"start":{"line":56,"column":4},"end":{"line":58,"column":5}},"type":"if","locations":[{"start":{"line":56,"column":4},"end":{"line":58,"column":5}},{"start":{},"end":{}}],"line":56},"1":{"loc":{"start":{"line":70,"column":4},"end":{"line":72,"column":5}},"type":"if","locations":[{"start":{"line":70,"column":4},"end":{"line":72,"column":5}},{"start":{},"end":{}}],"line":70},"2":{"loc":{"start":{"line":83,"column":4},"end":{"line":85,"column":5}},"type":"if","locations":[{"start":{"line":83,"column":4},"end":{"line":85,"column":5}},{"start":{},"end":{}}],"line":83}},"s":{"0":2,"1":2,"2":18,"3":18,"4":18,"5":3,"6":2,"7":16,"8":2,"9":2,"10":2,"11":2,"12":2,"13":0,"14":2,"15":1,"16":1,"17":1,"18":0,"19":2,"20":5,"21":5,"22":1,"23":0,"24":1,"25":4,"26":2,"27":6,"28":6,"29":2,"30":0,"31":2,"32":4,"33":2,"34":5,"35":5,"36":3,"37":1,"38":2,"39":1,"40":3},"f":{"0":18,"1":2,"2":1,"3":5,"4":6,"5":5},"b":{"0":[0,1],"1":[0,2],"2":[1,2]},"_coverageSchema":"1a1c01bbd47fc00a2c39e90264f33305004495a9","hash":"853134d489ecdf258014086351278a2850b8cf04"}
,"C:\\final-project-productzilla\\controllers\\flight\\paymentController.js": {"path":"C:\\final-project-productzilla\\controllers\\flight\\paymentController.js","statementMap":{"0":{"start":{"line":1,"column":16},"end":{"line":1,"column":54}},"1":{"start":{"line":2,"column":16},"end":{"line":2,"column":54}},"2":{"start":{"line":4,"column":0},"end":{"line":11,"column":2}},"3":{"start":{"line":5,"column":4},"end":{"line":10,"column":5}},"4":{"start":{"line":6,"column":25},"end":{"line":6,"column":65}},"5":{"start":{"line":7,"column":8},"end":{"line":7,"column":27}},"6":{"start":{"line":9,"column":8},"end":{"line":9,"column":57}},"7":{"start":{"line":13,"column":0},"end":{"line":23,"column":2}},"8":{"start":{"line":14,"column":4},"end":{"line":22,"column":5}},"9":{"start":{"line":15,"column":24},"end":{"line":15,"column":81}},"10":{"start":{"line":16,"column":8},"end":{"line":18,"column":9}},"11":{"start":{"line":17,"column":12},"end":{"line":17,"column":74}},"12":{"start":{"line":19,"column":8},"end":{"line":19,"column":26}},"13":{"start":{"line":21,"column":8},"end":{"line":21,"column":57}},"14":{"start":{"line":26,"column":0},"end":{"line":40,"column":2}},"15":{"start":{"line":27,"column":20},"end":{"line":32,"column":6}},"16":{"start":{"line":34,"column":4},"end":{"line":39,"column":5}},"17":{"start":{"line":35,"column":27},"end":{"line":35,"column":47}},"18":{"start":{"line":36,"column":8},"end":{"line":36,"column":41}},"19":{"start":{"line":38,"column":8},"end":{"line":38,"column":57}},"20":{"start":{"line":42,"column":0},"end":{"line":55,"column":2}},"21":{"start":{"line":43,"column":4},"end":{"line":54,"column":5}},"22":{"start":{"line":44,"column":24},"end":{"line":44,"column":78}},"23":{"start":{"line":45,"column":8},"end":{"line":47,"column":9}},"24":{"start":{"line":46,"column":12},"end":{"line":46,"column":74}},"25":{"start":{"line":48,"column":8},"end":{"line":48,"column":39}},"26":{"start":{"line":49,"column":8},"end":{"line":49,"column":53}},"27":{"start":{"line":50,"column":8},"end":{"line":50,"column":29}},"28":{"start":{"line":51,"column":8},"end":{"line":51,"column":70}},"29":{"start":{"line":53,"column":8},"end":{"line":53,"column":64}},"30":{"start":{"line":59,"column":0},"end":{"line":77,"column":2}},"31":{"start":{"line":60,"column":4},"end":{"line":76,"column":5}},"32":{"start":{"line":61,"column":24},"end":{"line":61,"column":61}},"33":{"start":{"line":62,"column":8},"end":{"line":64,"column":9}},"34":{"start":{"line":63,"column":12},"end":{"line":63,"column":74}},"35":{"start":{"line":65,"column":8},"end":{"line":65,"column":39}},"36":{"start":{"line":66,"column":8},"end":{"line":66,"column":29}},"37":{"start":{"line":67,"column":24},"end":{"line":67,"column":63}},"38":{"start":{"line":68,"column":8},"end":{"line":70,"column":9}},"39":{"start":{"line":69,"column":12},"end":{"line":69,"column":74}},"40":{"start":{"line":71,"column":8},"end":{"line":71,"column":39}},"41":{"start":{"line":72,"column":8},"end":{"line":72,"column":29}},"42":{"start":{"line":73,"column":8},"end":{"line":73,"column":70}},"43":{"start":{"line":75,"column":8},"end":{"line":75,"column":57}},"44":{"start":{"line":80,"column":0},"end":{"line":92,"column":2}},"45":{"start":{"line":81,"column":4},"end":{"line":91,"column":5}},"46":{"start":{"line":82,"column":24},"end":{"line":82,"column":61}},"47":{"start":{"line":83,"column":8},"end":{"line":85,"column":9}},"48":{"start":{"line":84,"column":12},"end":{"line":84,"column":74}},"49":{"start":{"line":87,"column":8},"end":{"line":87,"column":34}},"50":{"start":{"line":88,"column":8},"end":{"line":88,"column":49}},"51":{"start":{"line":90,"column":8},"end":{"line":90,"column":57}}},"fnMap":{"0":{"name":"(anonymous_0)","decl":{"start":{"line":4,"column":25},"end":{"line":4,"column":26}},"loc":{"start":{"line":4,"column":45},"end":{"line":11,"column":1}},"line":4},"1":{"name":"(anonymous_1)","decl":{"start":{"line":13,"column":25},"end":{"line":13,"column":26}},"loc":{"start":{"line":13,"column":45},"end":{"line":23,"column":1}},"line":13},"2":{"name":"(anonymous_2)","decl":{"start":{"line":26,"column":24},"end":{"line":26,"column":25}},"loc":{"start":{"line":26,"column":44},"end":{"line":40,"column":1}},"line":26},"3":{"name":"(anonymous_3)","decl":{"start":{"line":42,"column":25},"end":{"line":42,"column":26}},"loc":{"start":{"line":42,"column":51},"end":{"line":55,"column":1}},"line":42},"4":{"name":"(anonymous_4)","decl":{"start":{"line":59,"column":24},"end":{"line":59,"column":25}},"loc":{"start":{"line":59,"column":44},"end":{"line":77,"column":1}},"line":59},"5":{"name":"(anonymous_5)","decl":{"start":{"line":80,"column":24},"end":{"line":80,"column":25}},"loc":{"start":{"line":80,"column":44},"end":{"line":92,"column":1}},"line":80}},"branchMap":{"0":{"loc":{"start":{"line":16,"column":8},"end":{"line":18,"column":9}},"type":"if","locations":[{"start":{"line":16,"column":8},"end":{"line":18,"column":9}},{"start":{},"end":{}}],"line":16},"1":{"loc":{"start":{"line":45,"column":8},"end":{"line":47,"column":9}},"type":"if","locations":[{"start":{"line":45,"column":8},"end":{"line":47,"column":9}},{"start":{},"end":{}}],"line":45},"2":{"loc":{"start":{"line":62,"column":8},"end":{"line":64,"column":9}},"type":"if","locations":[{"start":{"line":62,"column":8},"end":{"line":64,"column":9}},{"start":{},"end":{}}],"line":62},"3":{"loc":{"start":{"line":68,"column":8},"end":{"line":70,"column":9}},"type":"if","locations":[{"start":{"line":68,"column":8},"end":{"line":70,"column":9}},{"start":{},"end":{}}],"line":68},"4":{"loc":{"start":{"line":83,"column":8},"end":{"line":85,"column":9}},"type":"if","locations":[{"start":{"line":83,"column":8},"end":{"line":85,"column":9}},{"start":{},"end":{}}],"line":83}},"s":{"0":3,"1":3,"2":3,"3":2,"4":2,"5":1,"6":1,"7":3,"8":6,"9":6,"10":1,"11":0,"12":1,"13":5,"14":3,"15":7,"16":7,"17":7,"18":4,"19":3,"20":3,"21":3,"22":3,"23":2,"24":1,"25":1,"26":1,"27":1,"28":0,"29":2,"30":3,"31":8,"32":8,"33":6,"34":1,"35":5,"36":5,"37":2,"38":2,"39":0,"40":2,"41":2,"42":1,"43":6,"44":3,"45":8,"46":8,"47":6,"48":1,"49":5,"50":1,"51":6},"f":{"0":2,"1":6,"2":7,"3":3,"4":8,"5":8},"b":{"0":[0,1],"1":[1,1],"2":[1,5],"3":[0,2],"4":[1,5]},"_coverageSchema":"1a1c01bbd47fc00a2c39e90264f33305004495a9","hash":"f83220edbccc9eec6e62dfe482de9648235404c7"}
,"C:\\final-project-productzilla\\controllers\\hotel\\hotelBookingController.js": {"path":"C:\\final-project-productzilla\\controllers\\hotel\\hotelBookingController.js","statementMap":{"0":{"start":{"line":1,"column":16},"end":{"line":1,"column":53}},"1":{"start":{"line":2,"column":19},"end":{"line":2,"column":54}},"2":{"start":{"line":4,"column":0},"end":{"line":36,"column":2}},"3":{"start":{"line":5,"column":4},"end":{"line":35,"column":5}},"4":{"start":{"line":6,"column":92},"end":{"line":6,"column":100}},"5":{"start":{"line":7,"column":21},"end":{"line":7,"column":109}},"6":{"start":{"line":8,"column":28},"end":{"line":8,"column":148}},"7":{"start":{"line":9,"column":33},"end":{"line":9,"column":97}},"8":{"start":{"line":9,"column":72},"end":{"line":9,"column":93}},"9":{"start":{"line":10,"column":31},"end":{"line":10,"column":78}},"10":{"start":{"line":11,"column":8},"end":{"line":13,"column":9}},"11":{"start":{"line":12,"column":12},"end":{"line":12,"column":101}},"12":{"start":{"line":15,"column":24},"end":{"line":24,"column":10}},"13":{"start":{"line":25,"column":8},"end":{"line":25,"column":29}},"14":{"start":{"line":26,"column":8},"end":{"line":26,"column":125}},"15":{"start":{"line":28,"column":8},"end":{"line":31,"column":11}},"16":{"start":{"line":34,"column":8},"end":{"line":34,"column":93}},"17":{"start":{"line":39,"column":0},"end":{"line":50,"column":2}},"18":{"start":{"line":40,"column":4},"end":{"line":49,"column":5}},"19":{"start":{"line":41,"column":24},"end":{"line":41,"column":68}},"20":{"start":{"line":42,"column":8},"end":{"line":44,"column":9}},"21":{"start":{"line":43,"column":12},"end":{"line":43,"column":60}},"22":{"start":{"line":45,"column":8},"end":{"line":45,"column":45}},"23":{"start":{"line":48,"column":8},"end":{"line":48,"column":56}},"24":{"start":{"line":52,"column":0},"end":{"line":59,"column":2}},"25":{"start":{"line":53,"column":4},"end":{"line":58,"column":5}},"26":{"start":{"line":54,"column":25},"end":{"line":54,"column":52}},"27":{"start":{"line":55,"column":8},"end":{"line":55,"column":46}},"28":{"start":{"line":57,"column":8},"end":{"line":57,"column":56}},"29":{"start":{"line":62,"column":0},"end":{"line":97,"column":2}},"30":{"start":{"line":63,"column":4},"end":{"line":96,"column":5}},"31":{"start":{"line":64,"column":92},"end":{"line":64,"column":100}},"32":{"start":{"line":65,"column":24},"end":{"line":65,"column":68}},"33":{"start":{"line":66,"column":8},"end":{"line":68,"column":9}},"34":{"start":{"line":67,"column":12},"end":{"line":67,"column":80}},"35":{"start":{"line":69,"column":8},"end":{"line":72,"column":9}},"36":{"start":{"line":70,"column":12},"end":{"line":70,"column":31}},"37":{"start":{"line":71,"column":12},"end":{"line":71,"column":98}},"38":{"start":{"line":73,"column":21},"end":{"line":73,"column":109}},"39":{"start":{"line":74,"column":28},"end":{"line":74,"column":177}},"40":{"start":{"line":75,"column":33},"end":{"line":75,"column":97}},"41":{"start":{"line":75,"column":72},"end":{"line":75,"column":93}},"42":{"start":{"line":76,"column":31},"end":{"line":76,"column":78}},"43":{"start":{"line":77,"column":8},"end":{"line":79,"column":9}},"44":{"start":{"line":78,"column":12},"end":{"line":78,"column":101}},"45":{"start":{"line":80,"column":8},"end":{"line":80,"column":34}},"46":{"start":{"line":81,"column":8},"end":{"line":81,"column":32}},"47":{"start":{"line":82,"column":8},"end":{"line":82,"column":42}},"48":{"start":{"line":83,"column":8},"end":{"line":83,"column":44}},"49":{"start":{"line":84,"column":8},"end":{"line":84,"column":40}},"50":{"start":{"line":85,"column":8},"end":{"line":85,"column":40}},"51":{"start":{"line":86,"column":8},"end":{"line":86,"column":36}},"52":{"start":{"line":87,"column":8},"end":{"line":87,"column":29}},"53":{"start":{"line":88,"column":8},"end":{"line":88,"column":127}},"54":{"start":{"line":89,"column":31},"end":{"line":89,"column":75}},"55":{"start":{"line":90,"column":8},"end":{"line":93,"column":11}},"56":{"start":{"line":95,"column":11},"end":{"line":95,"column":59}},"57":{"start":{"line":99,"column":0},"end":{"line":120,"column":2}},"58":{"start":{"line":100,"column":4},"end":{"line":119,"column":5}},"59":{"start":{"line":101,"column":30},"end":{"line":101,"column":38}},"60":{"start":{"line":104,"column":24},"end":{"line":104,"column":68}},"61":{"start":{"line":105,"column":8},"end":{"line":107,"column":9}},"62":{"start":{"line":106,"column":12},"end":{"line":106,"column":80}},"63":{"start":{"line":110,"column":8},"end":{"line":110,"column":152}},"64":{"start":{"line":113,"column":8},"end":{"line":113,"column":59}},"65":{"start":{"line":115,"column":8},"end":{"line":115,"column":80}},"66":{"start":{"line":118,"column":8},"end":{"line":118,"column":56}}},"fnMap":{"0":{"name":"(anonymous_0)","decl":{"start":{"line":4,"column":19},"end":{"line":4,"column":20}},"loc":{"start":{"line":4,"column":39},"end":{"line":36,"column":1}},"line":4},"1":{"name":"(anonymous_1)","decl":{"start":{"line":9,"column":52},"end":{"line":9,"column":53}},"loc":{"start":{"line":9,"column":72},"end":{"line":9,"column":93}},"line":9},"2":{"name":"(anonymous_2)","decl":{"start":{"line":39,"column":25},"end":{"line":39,"column":26}},"loc":{"start":{"line":39,"column":45},"end":{"line":50,"column":1}},"line":39},"3":{"name":"(anonymous_3)","decl":{"start":{"line":52,"column":25},"end":{"line":52,"column":26}},"loc":{"start":{"line":52,"column":45},"end":{"line":59,"column":1}},"line":52},"4":{"name":"(anonymous_4)","decl":{"start":{"line":62,"column":24},"end":{"line":62,"column":25}},"loc":{"start":{"line":62,"column":44},"end":{"line":97,"column":1}},"line":62},"5":{"name":"(anonymous_5)","decl":{"start":{"line":75,"column":52},"end":{"line":75,"column":53}},"loc":{"start":{"line":75,"column":72},"end":{"line":75,"column":93}},"line":75},"6":{"name":"(anonymous_6)","decl":{"start":{"line":99,"column":24},"end":{"line":99,"column":25}},"loc":{"start":{"line":99,"column":44},"end":{"line":120,"column":1}},"line":99}},"branchMap":{"0":{"loc":{"start":{"line":11,"column":8},"end":{"line":13,"column":9}},"type":"if","locations":[{"start":{"line":11,"column":8},"end":{"line":13,"column":9}},{"start":{},"end":{}}],"line":11},"1":{"loc":{"start":{"line":42,"column":8},"end":{"line":44,"column":9}},"type":"if","locations":[{"start":{"line":42,"column":8},"end":{"line":44,"column":9}},{"start":{},"end":{}}],"line":42},"2":{"loc":{"start":{"line":66,"column":8},"end":{"line":68,"column":9}},"type":"if","locations":[{"start":{"line":66,"column":8},"end":{"line":68,"column":9}},{"start":{},"end":{}}],"line":66},"3":{"loc":{"start":{"line":69,"column":8},"end":{"line":72,"column":9}},"type":"if","locations":[{"start":{"line":69,"column":8},"end":{"line":72,"column":9}},{"start":{},"end":{}}],"line":69},"4":{"loc":{"start":{"line":77,"column":8},"end":{"line":79,"column":9}},"type":"if","locations":[{"start":{"line":77,"column":8},"end":{"line":79,"column":9}},{"start":{},"end":{}}],"line":77},"5":{"loc":{"start":{"line":105,"column":8},"end":{"line":107,"column":9}},"type":"if","locations":[{"start":{"line":105,"column":8},"end":{"line":107,"column":9}},{"start":{},"end":{}}],"line":105}},"s":{"0":2,"1":2,"2":2,"3":5,"4":5,"5":5,"6":2,"7":2,"8":0,"9":2,"10":2,"11":0,"12":2,"13":2,"14":2,"15":2,"16":3,"17":2,"18":4,"19":4,"20":1,"21":0,"22":1,"23":3,"24":2,"25":2,"26":2,"27":1,"28":1,"29":2,"30":5,"31":5,"32":4,"33":1,"34":0,"35":1,"36":0,"37":0,"38":1,"39":1,"40":1,"41":0,"42":1,"43":1,"44":0,"45":1,"46":1,"47":1,"48":1,"49":1,"50":1,"51":1,"52":1,"53":1,"54":1,"55":1,"56":4,"57":2,"58":3,"59":3,"60":2,"61":1,"62":0,"63":1,"64":1,"65":1,"66":2},"f":{"0":5,"1":0,"2":4,"3":2,"4":5,"5":0,"6":3},"b":{"0":[0,2],"1":[0,1],"2":[0,1],"3":[0,1],"4":[0,1],"5":[0,1]},"_coverageSchema":"1a1c01bbd47fc00a2c39e90264f33305004495a9","hash":"8dd22843ce6f648a7facbbc21b5f852e23fa97f2"}
,"C:\\final-project-productzilla\\controllers\\hotel\\hotelController.js": {"path":"C:\\final-project-productzilla\\controllers\\hotel\\hotelController.js","statementMap":{"0":{"start":{"line":1,"column":14},"end":{"line":1,"column":49}},"1":{"start":{"line":3,"column":24},"end":{"line":76,"column":1}},"2":{"start":{"line":5,"column":8},"end":{"line":11,"column":9}},"3":{"start":{"line":6,"column":27},"end":{"line":6,"column":45}},"4":{"start":{"line":7,"column":12},"end":{"line":7,"column":36}},"5":{"start":{"line":10,"column":12},"end":{"line":10,"column":78}},"6":{"start":{"line":15,"column":8},"end":{"line":24,"column":9}},"7":{"start":{"line":16,"column":26},"end":{"line":16,"column":79}},"8":{"start":{"line":17,"column":12},"end":{"line":19,"column":13}},"9":{"start":{"line":18,"column":16},"end":{"line":18,"column":76}},"10":{"start":{"line":20,"column":12},"end":{"line":20,"column":35}},"11":{"start":{"line":23,"column":12},"end":{"line":23,"column":78}},"12":{"start":{"line":27,"column":8},"end":{"line":35,"column":9}},"13":{"start":{"line":28,"column":29},"end":{"line":28,"column":39}},"14":{"start":{"line":29,"column":27},"end":{"line":29,"column":88}},"15":{"start":{"line":31,"column":12},"end":{"line":31,"column":48}},"16":{"start":{"line":34,"column":12},"end":{"line":34,"column":78}},"17":{"start":{"line":39,"column":8},"end":{"line":45,"column":9}},"18":{"start":{"line":40,"column":29},"end":{"line":40,"column":48}},"19":{"start":{"line":41,"column":31},"end":{"line":41,"column":52}},"20":{"start":{"line":42,"column":12},"end":{"line":42,"column":40}},"21":{"start":{"line":44,"column":12},"end":{"line":44,"column":78}},"22":{"start":{"line":49,"column":8},"end":{"line":61,"column":9}},"23":{"start":{"line":50,"column":33},"end":{"line":54,"column":13}},"24":{"start":{"line":55,"column":12},"end":{"line":57,"column":13}},"25":{"start":{"line":56,"column":16},"end":{"line":56,"column":76}},"26":{"start":{"line":58,"column":12},"end":{"line":58,"column":42}},"27":{"start":{"line":60,"column":12},"end":{"line":60,"column":78}},"28":{"start":{"line":65,"column":8},"end":{"line":74,"column":9}},"29":{"start":{"line":66,"column":33},"end":{"line":66,"column":77}},"30":{"start":{"line":67,"column":12},"end":{"line":69,"column":13}},"31":{"start":{"line":68,"column":16},"end":{"line":68,"column":76}},"32":{"start":{"line":70,"column":12},"end":{"line":70,"column":42}},"33":{"start":{"line":73,"column":12},"end":{"line":73,"column":78}},"34":{"start":{"line":78,"column":0},"end":{"line":78,"column":33}}},"fnMap":{"0":{"name":"(anonymous_0)","decl":{"start":{"line":4,"column":18},"end":{"line":4,"column":19}},"loc":{"start":{"line":4,"column":38},"end":{"line":12,"column":5}},"line":4},"1":{"name":"(anonymous_1)","decl":{"start":{"line":14,"column":18},"end":{"line":14,"column":19}},"loc":{"start":{"line":14,"column":38},"end":{"line":25,"column":5}},"line":14},"2":{"name":"(anonymous_2)","decl":{"start":{"line":26,"column":18},"end":{"line":26,"column":19}},"loc":{"start":{"line":26,"column":38},"end":{"line":36,"column":5}},"line":26},"3":{"name":"(anonymous_3)","decl":{"start":{"line":38,"column":17},"end":{"line":38,"column":18}},"loc":{"start":{"line":38,"column":37},"end":{"line":46,"column":5}},"line":38},"4":{"name":"(anonymous_4)","decl":{"start":{"line":48,"column":17},"end":{"line":48,"column":18}},"loc":{"start":{"line":48,"column":37},"end":{"line":62,"column":5}},"line":48},"5":{"name":"(anonymous_5)","decl":{"start":{"line":64,"column":17},"end":{"line":64,"column":18}},"loc":{"start":{"line":64,"column":37},"end":{"line":75,"column":5}},"line":64}},"branchMap":{"0":{"loc":{"start":{"line":17,"column":12},"end":{"line":19,"column":13}},"type":"if","locations":[{"start":{"line":17,"column":12},"end":{"line":19,"column":13}},{"start":{},"end":{}}],"line":17},"1":{"loc":{"start":{"line":55,"column":12},"end":{"line":57,"column":13}},"type":"if","locations":[{"start":{"line":55,"column":12},"end":{"line":57,"column":13}},{"start":{},"end":{}}],"line":55},"2":{"loc":{"start":{"line":67,"column":12},"end":{"line":69,"column":13}},"type":"if","locations":[{"start":{"line":67,"column":12},"end":{"line":69,"column":13}},{"start":{},"end":{}}],"line":67}},"s":{"0":2,"1":2,"2":2,"3":2,"4":2,"5":0,"6":4,"7":4,"8":1,"9":0,"10":1,"11":3,"12":4,"13":4,"14":4,"15":3,"16":1,"17":6,"18":6,"19":6,"20":5,"21":1,"22":4,"23":4,"24":3,"25":1,"26":2,"27":1,"28":4,"29":4,"30":4,"31":2,"32":2,"33":0,"34":2},"f":{"0":2,"1":4,"2":4,"3":6,"4":4,"5":4},"b":{"0":[0,1],"1":[1,2],"2":[2,2]},"_coverageSchema":"1a1c01bbd47fc00a2c39e90264f33305004495a9","hash":"c4a9b52de0d4f979efa0573405a67679de8ae390"}
,"C:\\final-project-productzilla\\controllers\\hotel\\paymentController.js": {"path":"C:\\final-project-productzilla\\controllers\\hotel\\paymentController.js","statementMap":{"0":{"start":{"line":1,"column":16},"end":{"line":1,"column":53}},"1":{"start":{"line":2,"column":16},"end":{"line":2,"column":53}},"2":{"start":{"line":5,"column":0},"end":{"line":27,"column":2}},"3":{"start":{"line":6,"column":4},"end":{"line":26,"column":5}},"4":{"start":{"line":7,"column":24},"end":{"line":7,"column":60}},"5":{"start":{"line":8,"column":8},"end":{"line":10,"column":9}},"6":{"start":{"line":9,"column":12},"end":{"line":9,"column":74}},"7":{"start":{"line":11,"column":8},"end":{"line":11,"column":32}},"8":{"start":{"line":12,"column":8},"end":{"line":12,"column":51}},"9":{"start":{"line":13,"column":8},"end":{"line":13,"column":53}},"10":{"start":{"line":14,"column":8},"end":{"line":14,"column":29}},"11":{"start":{"line":16,"column":24},"end":{"line":16,"column":65}},"12":{"start":{"line":17,"column":8},"end":{"line":19,"column":9}},"13":{"start":{"line":18,"column":12},"end":{"line":18,"column":74}},"14":{"start":{"line":20,"column":8},"end":{"line":20,"column":39}},"15":{"start":{"line":21,"column":8},"end":{"line":21,"column":29}},"16":{"start":{"line":23,"column":8},"end":{"line":23,"column":70}},"17":{"start":{"line":25,"column":8},"end":{"line":25,"column":64}},"18":{"start":{"line":29,"column":0},"end":{"line":54,"column":1}},"19":{"start":{"line":30,"column":4},"end":{"line":53,"column":5}},"20":{"start":{"line":31,"column":43},"end":{"line":31,"column":51}},"21":{"start":{"line":34,"column":24},"end":{"line":34,"column":64}},"22":{"start":{"line":35,"column":8},"end":{"line":37,"column":9}},"23":{"start":{"line":36,"column":12},"end":{"line":36,"column":80}},"24":{"start":{"line":40,"column":24},"end":{"line":44,"column":10}},"25":{"start":{"line":45,"column":8},"end":{"line":45,"column":29}},"26":{"start":{"line":47,"column":21},"end":{"line":47,"column":85}},"27":{"start":{"line":49,"column":8},"end":{"line":49,"column":87}},"28":{"start":{"line":52,"column":8},"end":{"line":52,"column":56}},"29":{"start":{"line":57,"column":0},"end":{"line":65,"column":1}},"30":{"start":{"line":58,"column":4},"end":{"line":64,"column":5}},"31":{"start":{"line":59,"column":25},"end":{"line":59,"column":74}},"32":{"start":{"line":60,"column":8},"end":{"line":60,"column":50}},"33":{"start":{"line":63,"column":8},"end":{"line":63,"column":101}},"34":{"start":{"line":67,"column":0},"end":{"line":78,"column":1}},"35":{"start":{"line":68,"column":4},"end":{"line":77,"column":5}},"36":{"start":{"line":69,"column":24},"end":{"line":69,"column":90}},"37":{"start":{"line":70,"column":8},"end":{"line":72,"column":9}},"38":{"start":{"line":71,"column":12},"end":{"line":71,"column":83}},"39":{"start":{"line":73,"column":8},"end":{"line":73,"column":49}},"40":{"start":{"line":76,"column":8},"end":{"line":76,"column":101}},"41":{"start":{"line":80,"column":0},"end":{"line":93,"column":2}},"42":{"start":{"line":81,"column":4},"end":{"line":92,"column":5}},"43":{"start":{"line":82,"column":24},"end":{"line":82,"column":61}},"44":{"start":{"line":83,"column":8},"end":{"line":85,"column":9}},"45":{"start":{"line":84,"column":12},"end":{"line":84,"column":74}},"46":{"start":{"line":86,"column":8},"end":{"line":86,"column":51}},"47":{"start":{"line":88,"column":31},"end":{"line":88,"column":51}},"48":{"start":{"line":89,"column":8},"end":{"line":89,"column":33}},"49":{"start":{"line":91,"column":8},"end":{"line":91,"column":57}},"50":{"start":{"line":94,"column":0},"end":{"line":105,"column":1}},"51":{"start":{"line":95,"column":4},"end":{"line":104,"column":5}},"52":{"start":{"line":96,"column":24},"end":{"line":96,"column":99}},"53":{"start":{"line":97,"column":8},"end":{"line":99,"column":9}},"54":{"start":{"line":98,"column":12},"end":{"line":98,"column":83}},"55":{"start":{"line":100,"column":8},"end":{"line":100,"column":80}},"56":{"start":{"line":103,"column":8},"end":{"line":103,"column":101}}},"fnMap":{"0":{"name":"(anonymous_0)","decl":{"start":{"line":5,"column":25},"end":{"line":5,"column":26}},"loc":{"start":{"line":5,"column":51},"end":{"line":27,"column":1}},"line":5},"1":{"name":"(anonymous_1)","decl":{"start":{"line":29,"column":24},"end":{"line":29,"column":25}},"loc":{"start":{"line":29,"column":44},"end":{"line":54,"column":1}},"line":29},"2":{"name":"(anonymous_2)","decl":{"start":{"line":57,"column":25},"end":{"line":57,"column":26}},"loc":{"start":{"line":57,"column":45},"end":{"line":65,"column":1}},"line":57},"3":{"name":"(anonymous_3)","decl":{"start":{"line":67,"column":25},"end":{"line":67,"column":26}},"loc":{"start":{"line":67,"column":45},"end":{"line":78,"column":1}},"line":67},"4":{"name":"(anonymous_4)","decl":{"start":{"line":80,"column":24},"end":{"line":80,"column":25}},"loc":{"start":{"line":80,"column":44},"end":{"line":93,"column":1}},"line":80},"5":{"name":"(anonymous_5)","decl":{"start":{"line":94,"column":24},"end":{"line":94,"column":25}},"loc":{"start":{"line":94,"column":44},"end":{"line":105,"column":1}},"line":94}},"branchMap":{"0":{"loc":{"start":{"line":8,"column":8},"end":{"line":10,"column":9}},"type":"if","locations":[{"start":{"line":8,"column":8},"end":{"line":10,"column":9}},{"start":{},"end":{}}],"line":8},"1":{"loc":{"start":{"line":17,"column":8},"end":{"line":19,"column":9}},"type":"if","locations":[{"start":{"line":17,"column":8},"end":{"line":19,"column":9}},{"start":{},"end":{}}],"line":17},"2":{"loc":{"start":{"line":35,"column":8},"end":{"line":37,"column":9}},"type":"if","locations":[{"start":{"line":35,"column":8},"end":{"line":37,"column":9}},{"start":{},"end":{}}],"line":35},"3":{"loc":{"start":{"line":70,"column":8},"end":{"line":72,"column":9}},"type":"if","locations":[{"start":{"line":70,"column":8},"end":{"line":72,"column":9}},{"start":{},"end":{}}],"line":70},"4":{"loc":{"start":{"line":83,"column":8},"end":{"line":85,"column":9}},"type":"if","locations":[{"start":{"line":83,"column":8},"end":{"line":85,"column":9}},{"start":{},"end":{}}],"line":83},"5":{"loc":{"start":{"line":97,"column":8},"end":{"line":99,"column":9}},"type":"if","locations":[{"start":{"line":97,"column":8},"end":{"line":99,"column":9}},{"start":{},"end":{}}],"line":97}},"s":{"0":1,"1":1,"2":1,"3":0,"4":0,"5":0,"6":0,"7":0,"8":0,"9":0,"10":0,"11":0,"12":0,"13":0,"14":0,"15":0,"16":0,"17":0,"18":1,"19":3,"20":3,"21":3,"22":3,"23":1,"24":2,"25":2,"26":2,"27":2,"28":0,"29":1,"30":1,"31":1,"32":1,"33":0,"34":1,"35":2,"36":2,"37":1,"38":0,"39":1,"40":1,"41":1,"42":2,"43":2,"44":1,"45":0,"46":1,"47":1,"48":1,"49":1,"50":1,"51":2,"52":2,"53":1,"54":0,"55":1,"56":1},"f":{"0":0,"1":3,"2":1,"3":2,"4":2,"5":2},"b":{"0":[0,0],"1":[0,0],"2":[1,2],"3":[0,1],"4":[0,1],"5":[0,1]},"_coverageSchema":"1a1c01bbd47fc00a2c39e90264f33305004495a9","hash":"c7b106f0732978a07c551a48e5df1f71d367ff9a"}
,"C:\\final-project-productzilla\\controllers\\hotel\\roomsController.js": {"path":"C:\\final-project-productzilla\\controllers\\hotel\\roomsController.js","statementMap":{"0":{"start":{"line":1,"column":19},"end":{"line":1,"column":54}},"1":{"start":{"line":3,"column":0},"end":{"line":27,"column":2}},"2":{"start":{"line":4,"column":4},"end":{"line":26,"column":5}},"3":{"start":{"line":5,"column":82},"end":{"line":5,"column":90}},"4":{"start":{"line":6,"column":22},"end":{"line":6,"column":74}},"5":{"start":{"line":7,"column":8},"end":{"line":9,"column":9}},"6":{"start":{"line":8,"column":12},"end":{"line":8,"column":78}},"7":{"start":{"line":10,"column":21},"end":{"line":16,"column":9}},"8":{"start":{"line":17,"column":8},"end":{"line":17,"column":31}},"9":{"start":{"line":18,"column":8},"end":{"line":18,"column":27}},"10":{"start":{"line":19,"column":8},"end":{"line":22,"column":11}},"11":{"start":{"line":25,"column":8},"end":{"line":25,"column":101}},"12":{"start":{"line":29,"column":0},"end":{"line":43,"column":2}},"13":{"start":{"line":30,"column":4},"end":{"line":42,"column":5}},"14":{"start":{"line":31,"column":22},"end":{"line":31,"column":74}},"15":{"start":{"line":32,"column":8},"end":{"line":34,"column":9}},"16":{"start":{"line":33,"column":12},"end":{"line":33,"column":78}},"17":{"start":{"line":35,"column":8},"end":{"line":38,"column":11}},"18":{"start":{"line":41,"column":8},"end":{"line":41,"column":106}},"19":{"start":{"line":45,"column":0},"end":{"line":69,"column":2}},"20":{"start":{"line":46,"column":4},"end":{"line":68,"column":5}},"21":{"start":{"line":47,"column":82},"end":{"line":47,"column":90}},"22":{"start":{"line":48,"column":22},"end":{"line":48,"column":74}},"23":{"start":{"line":49,"column":8},"end":{"line":51,"column":9}},"24":{"start":{"line":50,"column":12},"end":{"line":50,"column":78}},"25":{"start":{"line":52,"column":26},"end":{"line":52,"column":86}},"26":{"start":{"line":52,"column":56},"end":{"line":52,"column":85}},"27":{"start":{"line":53,"column":8},"end":{"line":55,"column":9}},"28":{"start":{"line":54,"column":12},"end":{"line":54,"column":88}},"29":{"start":{"line":56,"column":8},"end":{"line":56,"column":51}},"30":{"start":{"line":57,"column":8},"end":{"line":57,"column":65}},"31":{"start":{"line":58,"column":8},"end":{"line":58,"column":47}},"32":{"start":{"line":59,"column":8},"end":{"line":59,"column":63}},"33":{"start":{"line":60,"column":8},"end":{"line":60,"column":55}},"34":{"start":{"line":61,"column":8},"end":{"line":61,"column":27}},"35":{"start":{"line":62,"column":8},"end":{"line":65,"column":11}},"36":{"start":{"line":67,"column":8},"end":{"line":67,"column":56}},"37":{"start":{"line":71,"column":0},"end":{"line":90,"column":2}},"38":{"start":{"line":72,"column":4},"end":{"line":89,"column":5}},"39":{"start":{"line":73,"column":22},"end":{"line":73,"column":74}},"40":{"start":{"line":74,"column":8},"end":{"line":76,"column":9}},"41":{"start":{"line":75,"column":12},"end":{"line":75,"column":78}},"42":{"start":{"line":77,"column":26},"end":{"line":77,"column":86}},"43":{"start":{"line":77,"column":56},"end":{"line":77,"column":85}},"44":{"start":{"line":78,"column":8},"end":{"line":80,"column":9}},"45":{"start":{"line":79,"column":12},"end":{"line":79,"column":88}},"46":{"start":{"line":81,"column":28},"end":{"line":81,"column":60}},"47":{"start":{"line":82,"column":8},"end":{"line":82,"column":27}},"48":{"start":{"line":83,"column":8},"end":{"line":86,"column":11}},"49":{"start":{"line":88,"column":8},"end":{"line":88,"column":56}}},"fnMap":{"0":{"name":"(anonymous_0)","decl":{"start":{"line":3,"column":21},"end":{"line":3,"column":22}},"loc":{"start":{"line":3,"column":41},"end":{"line":27,"column":1}},"line":3},"1":{"name":"(anonymous_1)","decl":{"start":{"line":29,"column":28},"end":{"line":29,"column":29}},"loc":{"start":{"line":29,"column":48},"end":{"line":43,"column":1}},"line":29},"2":{"name":"(anonymous_2)","decl":{"start":{"line":45,"column":21},"end":{"line":45,"column":22}},"loc":{"start":{"line":45,"column":41},"end":{"line":69,"column":1}},"line":45},"3":{"name":"(anonymous_3)","decl":{"start":{"line":52,"column":48},"end":{"line":52,"column":49}},"loc":{"start":{"line":52,"column":56},"end":{"line":52,"column":85}},"line":52},"4":{"name":"(anonymous_4)","decl":{"start":{"line":71,"column":21},"end":{"line":71,"column":22}},"loc":{"start":{"line":71,"column":41},"end":{"line":90,"column":1}},"line":71},"5":{"name":"(anonymous_5)","decl":{"start":{"line":77,"column":48},"end":{"line":77,"column":49}},"loc":{"start":{"line":77,"column":56},"end":{"line":77,"column":85}},"line":77}},"branchMap":{"0":{"loc":{"start":{"line":7,"column":8},"end":{"line":9,"column":9}},"type":"if","locations":[{"start":{"line":7,"column":8},"end":{"line":9,"column":9}},{"start":{},"end":{}}],"line":7},"1":{"loc":{"start":{"line":32,"column":8},"end":{"line":34,"column":9}},"type":"if","locations":[{"start":{"line":32,"column":8},"end":{"line":34,"column":9}},{"start":{},"end":{}}],"line":32},"2":{"loc":{"start":{"line":49,"column":8},"end":{"line":51,"column":9}},"type":"if","locations":[{"start":{"line":49,"column":8},"end":{"line":51,"column":9}},{"start":{},"end":{}}],"line":49},"3":{"loc":{"start":{"line":53,"column":8},"end":{"line":55,"column":9}},"type":"if","locations":[{"start":{"line":53,"column":8},"end":{"line":55,"column":9}},{"start":{},"end":{}}],"line":53},"4":{"loc":{"start":{"line":74,"column":8},"end":{"line":76,"column":9}},"type":"if","locations":[{"start":{"line":74,"column":8},"end":{"line":76,"column":9}},{"start":{},"end":{}}],"line":74},"5":{"loc":{"start":{"line":78,"column":8},"end":{"line":80,"column":9}},"type":"if","locations":[{"start":{"line":78,"column":8},"end":{"line":80,"column":9}},{"start":{},"end":{}}],"line":78}},"s":{"0":2,"1":2,"2":7,"3":7,"4":7,"5":5,"6":0,"7":5,"8":5,"9":5,"10":1,"11":6,"12":2,"13":3,"14":3,"15":1,"16":0,"17":1,"18":2,"19":2,"20":4,"21":4,"22":4,"23":1,"24":0,"25":1,"26":1,"27":1,"28":0,"29":1,"30":1,"31":1,"32":1,"33":1,"34":1,"35":1,"36":3,"37":2,"38":6,"39":6,"40":2,"41":0,"42":2,"43":2,"44":2,"45":1,"46":1,"47":1,"48":1,"49":4},"f":{"0":7,"1":3,"2":4,"3":1,"4":6,"5":2},"b":{"0":[0,5],"1":[0,1],"2":[0,1],"3":[0,1],"4":[0,2],"5":[1,1]},"_coverageSchema":"1a1c01bbd47fc00a2c39e90264f33305004495a9","hash":"fb33abcef103099f377d0b2be9c72167f0e5eda3"}
,"C:\\final-project-productzilla\\database\\index.js": {"path":"C:\\final-project-productzilla\\database\\index.js","statementMap":{"0":{"start":{"line":1,"column":17},"end":{"line":1,"column":36}},"1":{"start":{"line":2,"column":0},"end":{"line":2,"column":27}},"2":{"start":{"line":4,"column":4},"end":{"line":5,"column":7}},"3":{"start":{"line":7,"column":15},"end":{"line":7,"column":34}},"4":{"start":{"line":8,"column":4},"end":{"line":8,"column":63}},"5":{"start":{"line":9,"column":4},"end":{"line":11,"column":6}},"6":{"start":{"line":10,"column":8},"end":{"line":10,"column":40}},"7":{"start":{"line":14,"column":4},"end":{"line":14,"column":32}},"8":{"start":{"line":17,"column":4},"end":{"line":19,"column":5}},"9":{"start":{"line":18,"column":6},"end":{"line":18,"column":65}},"10":{"start":{"line":20,"column":4},"end":{"line":20,"column":18}},"11":{"start":{"line":22,"column":0},"end":{"line":22,"column":46}}},"fnMap":{"0":{"name":"connect","decl":{"start":{"line":3,"column":15},"end":{"line":3,"column":22}},"loc":{"start":{"line":3,"column":24},"end":{"line":12,"column":1}},"line":3},"1":{"name":"(anonymous_1)","decl":{"start":{"line":9,"column":19},"end":{"line":9,"column":20}},"loc":{"start":{"line":9,"column":23},"end":{"line":11,"column":5}},"line":9},"2":{"name":"disconnect","decl":{"start":{"line":13,"column":15},"end":{"line":13,"column":25}},"loc":{"start":{"line":13,"column":27},"end":{"line":15,"column":1}},"line":13},"3":{"name":"clearDB","decl":{"start":{"line":16,"column":15},"end":{"line":16,"column":22}},"loc":{"start":{"line":16,"column":25},"end":{"line":21,"column":1}},"line":16}},"branchMap":{},"s":{"0":1,"1":1,"2":1,"3":1,"4":1,"5":1,"6":0,"7":1,"8":0,"9":0,"10":0,"11":1},"f":{"0":1,"1":0,"2":1,"3":0},"b":{},"_coverageSchema":"1a1c01bbd47fc00a2c39e90264f33305004495a9","hash":"19793598199997e8b5016b97d0b35c82e9d75f7a"}
,"C:\\final-project-productzilla\\fixtures\\clearDb.js": {"path":"C:\\final-project-productzilla\\fixtures\\clearDb.js","statementMap":{"0":{"start":{"line":1,"column":13},"end":{"line":1,"column":43}},"1":{"start":{"line":2,"column":15},"end":{"line":2,"column":49}},"2":{"start":{"line":3,"column":22},"end":{"line":3,"column":57}},"3":{"start":{"line":4,"column":22},"end":{"line":4,"column":57}},"4":{"start":{"line":5,"column":14},"end":{"line":5,"column":46}},"5":{"start":{"line":6,"column":21},"end":{"line":6,"column":55}},"6":{"start":{"line":7,"column":21},"end":{"line":7,"column":55}},"7":{"start":{"line":9,"column":4},"end":{"line":9,"column":30}},"8":{"start":{"line":11,"column":4},"end":{"line":11,"column":32}},"9":{"start":{"line":12,"column":4},"end":{"line":12,"column":39}},"10":{"start":{"line":13,"column":4},"end":{"line":13,"column":39}},"11":{"start":{"line":15,"column":4},"end":{"line":15,"column":31}},"12":{"start":{"line":16,"column":4},"end":{"line":16,"column":38}},"13":{"start":{"line":17,"column":4},"end":{"line":17,"column":38}},"14":{"start":{"line":20,"column":0},"end":{"line":22,"column":1}}},"fnMap":{"0":{"name":"deleteUser","decl":{"start":{"line":8,"column":15},"end":{"line":8,"column":25}},"loc":{"start":{"line":8,"column":28},"end":{"line":18,"column":1}},"line":8}},"branchMap":{},"s":{"0":1,"1":1,"2":1,"3":1,"4":1,"5":1,"6":1,"7":2,"8":2,"9":2,"10":2,"11":2,"12":2,"13":2,"14":1},"f":{"0":2},"b":{},"_coverageSchema":"1a1c01bbd47fc00a2c39e90264f33305004495a9","hash":"ffaa3f1c2b8119ef6a38cb806a7659ce1275a055"}
,"C:\\final-project-productzilla\\middleware\\authMiddleware.js": {"path":"C:\\final-project-productzilla\\middleware\\authMiddleware.js","statementMap":{"0":{"start":{"line":1,"column":12},"end":{"line":1,"column":35}},"1":{"start":{"line":2,"column":13},"end":{"line":2,"column":43}},"2":{"start":{"line":4,"column":13},"end":{"line":25,"column":1}},"3":{"start":{"line":5,"column":2},"end":{"line":24,"column":3}},"4":{"start":{"line":6,"column":23},"end":{"line":6,"column":48}},"5":{"start":{"line":7,"column":4},"end":{"line":9,"column":5}},"6":{"start":{"line":8,"column":6},"end":{"line":8,"column":54}},"7":{"start":{"line":11,"column":18},"end":{"line":11,"column":41}},"8":{"start":{"line":12,"column":20},"end":{"line":12,"column":61}},"9":{"start":{"line":13,"column":17},"end":{"line":13,"column":80}},"10":{"start":{"line":15,"column":4},"end":{"line":17,"column":5}},"11":{"start":{"line":16,"column":6},"end":{"line":16,"column":40}},"12":{"start":{"line":19,"column":4},"end":{"line":19,"column":22}},"13":{"start":{"line":20,"column":4},"end":{"line":20,"column":20}},"14":{"start":{"line":21,"column":4},"end":{"line":21,"column":11}},"15":{"start":{"line":23,"column":4},"end":{"line":23,"column":95}},"16":{"start":{"line":27,"column":0},"end":{"line":27,"column":22}}},"fnMap":{"0":{"name":"(anonymous_0)","decl":{"start":{"line":4,"column":13},"end":{"line":4,"column":14}},"loc":{"start":{"line":4,"column":39},"end":{"line":25,"column":1}},"line":4}},"branchMap":{"0":{"loc":{"start":{"line":7,"column":4},"end":{"line":9,"column":5}},"type":"if","locations":[{"start":{"line":7,"column":4},"end":{"line":9,"column":5}},{"start":{},"end":{}}],"line":7},"1":{"loc":{"start":{"line":7,"column":8},"end":{"line":7,"column":56}},"type":"binary-expr","locations":[{"start":{"line":7,"column":8},"end":{"line":7,"column":19}},{"start":{"line":7,"column":23},"end":{"line":7,"column":56}}],"line":7},"2":{"loc":{"start":{"line":15,"column":4},"end":{"line":17,"column":5}},"type":"if","locations":[{"start":{"line":15,"column":4},"end":{"line":17,"column":5}},{"start":{},"end":{}}],"line":15},"3":{"loc":{"start":{"line":23,"column":34},"end":{"line":23,"column":91}},"type":"binary-expr","locations":[{"start":{"line":23,"column":34},"end":{"line":23,"column":47}},{"start":{"line":23,"column":51},"end":{"line":23,"column":91}}],"line":23}},"s":{"0":1,"1":1,"2":1,"3":69,"4":69,"5":69,"6":3,"7":66,"8":66,"9":65,"10":65,"11":2,"12":63,"13":63,"14":63,"15":6,"16":1},"f":{"0":69},"b":{"0":[3,66],"1":[69,66],"2":[2,63],"3":[6,0]},"_coverageSchema":"1a1c01bbd47fc00a2c39e90264f33305004495a9","hash":"0eee829850d8925c185702dd94768775126878d7"}
,"C:\\final-project-productzilla\\middleware\\isAdmin.js": {"path":"C:\\final-project-productzilla\\middleware\\isAdmin.js","statementMap":{"0":{"start":{"line":1,"column":12},"end":{"line":1,"column":35}},"1":{"start":{"line":2,"column":13},"end":{"line":2,"column":43}},"2":{"start":{"line":4,"column":16},"end":{"line":23,"column":1}},"3":{"start":{"line":5,"column":2},"end":{"line":22,"column":3}},"4":{"start":{"line":6,"column":23},"end":{"line":6,"column":48}},"5":{"start":{"line":7,"column":4},"end":{"line":9,"column":5}},"6":{"start":{"line":8,"column":6},"end":{"line":8,"column":54}},"7":{"start":{"line":10,"column":18},"end":{"line":10,"column":41}},"8":{"start":{"line":11,"column":20},"end":{"line":11,"column":61}},"9":{"start":{"line":12,"column":17},"end":{"line":12,"column":80}},"10":{"start":{"line":13,"column":4},"end":{"line":19,"column":5}},"11":{"start":{"line":14,"column":6},"end":{"line":14,"column":24}},"12":{"start":{"line":15,"column":6},"end":{"line":15,"column":22}},"13":{"start":{"line":16,"column":6},"end":{"line":16,"column":13}},"14":{"start":{"line":18,"column":6},"end":{"line":18,"column":82}},"15":{"start":{"line":21,"column":4},"end":{"line":21,"column":95}},"16":{"start":{"line":24,"column":0},"end":{"line":24,"column":25}}},"fnMap":{"0":{"name":"(anonymous_0)","decl":{"start":{"line":4,"column":16},"end":{"line":4,"column":17}},"loc":{"start":{"line":4,"column":42},"end":{"line":23,"column":1}},"line":4}},"branchMap":{"0":{"loc":{"start":{"line":7,"column":4},"end":{"line":9,"column":5}},"type":"if","locations":[{"start":{"line":7,"column":4},"end":{"line":9,"column":5}},{"start":{},"end":{}}],"line":7},"1":{"loc":{"start":{"line":7,"column":8},"end":{"line":7,"column":56}},"type":"binary-expr","locations":[{"start":{"line":7,"column":8},"end":{"line":7,"column":19}},{"start":{"line":7,"column":23},"end":{"line":7,"column":56}}],"line":7},"2":{"loc":{"start":{"line":13,"column":4},"end":{"line":19,"column":5}},"type":"if","locations":[{"start":{"line":13,"column":4},"end":{"line":19,"column":5}},{"start":{"line":17,"column":11},"end":{"line":19,"column":5}}],"line":13},"3":{"loc":{"start":{"line":13,"column":8},"end":{"line":13,"column":31}},"type":"binary-expr","locations":[{"start":{"line":13,"column":8},"end":{"line":13,"column":15}},{"start":{"line":13,"column":19},"end":{"line":13,"column":31}}],"line":13},"4":{"loc":{"start":{"line":21,"column":34},"end":{"line":21,"column":91}},"type":"binary-expr","locations":[{"start":{"line":21,"column":34},"end":{"line":21,"column":47}},{"start":{"line":21,"column":51},"end":{"line":21,"column":91}}],"line":21}},"s":{"0":1,"1":1,"2":1,"3":42,"4":42,"5":42,"6":0,"7":42,"8":42,"9":42,"10":42,"11":41,"12":41,"13":41,"14":0,"15":1,"16":1},"f":{"0":42},"b":{"0":[0,42],"1":[42,42],"2":[41,0],"3":[42,42],"4":[1,0]},"_coverageSchema":"1a1c01bbd47fc00a2c39e90264f33305004495a9","hash":"86a52cf1d90ea6c05b84d4f060ab7d96cfe00243"}
,"C:\\final-project-productzilla\\middleware\\onlyAdmin.js": {"path":"C:\\final-project-productzilla\\middleware\\onlyAdmin.js","statementMap":{"0":{"start":{"line":1,"column":0},"end":{"line":1,"column":27}},"1":{"start":{"line":4,"column":23},"end":{"line":4,"column":50}},"2":{"start":{"line":5,"column":4},"end":{"line":14,"column":5}},"3":{"start":{"line":7,"column":8},"end":{"line":7,"column":15}},"4":{"start":{"line":10,"column":8},"end":{"line":10,"column":23}},"5":{"start":{"line":11,"column":8},"end":{"line":13,"column":10}},"6":{"start":{"line":18,"column":0},"end":{"line":18,"column":22}}},"fnMap":{"0":{"name":"auth","decl":{"start":{"line":3,"column":9},"end":{"line":3,"column":13}},"loc":{"start":{"line":3,"column":27},"end":{"line":16,"column":1}},"line":3}},"branchMap":{"0":{"loc":{"start":{"line":5,"column":4},"end":{"line":14,"column":5}},"type":"if","locations":[{"start":{"line":5,"column":4},"end":{"line":14,"column":5}},{"start":{"line":9,"column":9},"end":{"line":14,"column":5}}],"line":5}},"s":{"0":1,"1":1,"2":1,"3":1,"4":0,"5":0,"6":1},"f":{"0":1},"b":{"0":[1,0]},"_coverageSchema":"1a1c01bbd47fc00a2c39e90264f33305004495a9","hash":"f968480bcf6e670b84355d0d13f9ff817e25782d"}
,"C:\\final-project-productzilla\\models\\flight\\booking.js": {"path":"C:\\final-project-productzilla\\models\\flight\\booking.js","statementMap":{"0":{"start":{"line":1,"column":17},"end":{"line":1,"column":36}},"1":{"start":{"line":2,"column":15},"end":{"line":2,"column":30}},"2":{"start":{"line":4,"column":22},"end":{"line":48,"column":2}},"3":{"start":{"line":50,"column":16},"end":{"line":50,"column":63}},"4":{"start":{"line":52,"column":0},"end":{"line":52,"column":25}}},"fnMap":{},"branchMap":{},"s":{"0":4,"1":4,"2":4,"3":4,"4":4},"f":{},"b":{},"_coverageSchema":"1a1c01bbd47fc00a2c39e90264f33305004495a9","hash":"4dbb580ae6eb264945ca8920d29771c3e698c86d"}
,"C:\\final-project-productzilla\\models\\flight\\flight.js": {"path":"C:\\final-project-productzilla\\models\\flight\\flight.js","statementMap":{"0":{"start":{"line":1,"column":17},"end":{"line":1,"column":36}},"1":{"start":{"line":2,"column":15},"end":{"line":2,"column":30}},"2":{"start":{"line":4,"column":21},"end":{"line":73,"column":2}},"3":{"start":{"line":75,"column":15},"end":{"line":75,"column":53}},"4":{"start":{"line":77,"column":0},"end":{"line":77,"column":24}}},"fnMap":{},"branchMap":{},"s":{"0":3,"1":3,"2":3,"3":3,"4":3},"f":{},"b":{},"_coverageSchema":"1a1c01bbd47fc00a2c39e90264f33305004495a9","hash":"aa9ce04d14f4c3d1bae0a2f2dfd17e6599442079"}
,"C:\\final-project-productzilla\\models\\flight\\payment.js": {"path":"C:\\final-project-productzilla\\models\\flight\\payment.js","statementMap":{"0":{"start":{"line":1,"column":17},"end":{"line":1,"column":36}},"1":{"start":{"line":2,"column":16},"end":{"line":2,"column":36}},"2":{"start":{"line":3,"column":15},"end":{"line":3,"column":30}},"3":{"start":{"line":4,"column":23},"end":{"line":4,"column":38}},"4":{"start":{"line":5,"column":22},"end":{"line":32,"column":24}},"5":{"start":{"line":34,"column":0},"end":{"line":47,"column":3}},"6":{"start":{"line":35,"column":2},"end":{"line":46,"column":3}},"7":{"start":{"line":36,"column":20},"end":{"line":36,"column":56}},"8":{"start":{"line":37,"column":4},"end":{"line":39,"column":5}},"9":{"start":{"line":38,"column":6},"end":{"line":38,"column":50}},"10":{"start":{"line":40,"column":4},"end":{"line":40,"column":37}},"11":{"start":{"line":41,"column":4},"end":{"line":41,"column":43}},"12":{"start":{"line":42,"column":4},"end":{"line":42,"column":34}},"13":{"start":{"line":43,"column":4},"end":{"line":43,"column":11}},"14":{"start":{"line":45,"column":4},"end":{"line":45,"column":16}},"15":{"start":{"line":49,"column":16},"end":{"line":49,"column":63}},"16":{"start":{"line":51,"column":0},"end":{"line":51,"column":25}}},"fnMap":{"0":{"name":"(anonymous_0)","decl":{"start":{"line":34,"column":26},"end":{"line":34,"column":27}},"loc":{"start":{"line":34,"column":48},"end":{"line":47,"column":1}},"line":34}},"branchMap":{"0":{"loc":{"start":{"line":37,"column":4},"end":{"line":39,"column":5}},"type":"if","locations":[{"start":{"line":37,"column":4},"end":{"line":39,"column":5}},{"start":{},"end":{}}],"line":37}},"s":{"0":3,"1":3,"2":3,"3":3,"4":3,"5":3,"6":3,"7":3,"8":3,"9":0,"10":3,"11":3,"12":3,"13":3,"14":0,"15":3,"16":3},"f":{"0":3},"b":{"0":[0,3]},"_coverageSchema":"1a1c01bbd47fc00a2c39e90264f33305004495a9","hash":"49a54699d35032ae0711e9ed46479e887e3a1e0a"}
,"C:\\final-project-productzilla\\models\\hotel\\booking.js": {"path":"C:\\final-project-productzilla\\models\\hotel\\booking.js","statementMap":{"0":{"start":{"line":1,"column":17},"end":{"line":1,"column":36}},"1":{"start":{"line":2,"column":15},"end":{"line":2,"column":30}},"2":{"start":{"line":4,"column":22},"end":{"line":55,"column":24}},"3":{"start":{"line":57,"column":16},"end":{"line":57,"column":62}},"4":{"start":{"line":59,"column":0},"end":{"line":59,"column":25}}},"fnMap":{},"branchMap":{},"s":{"0":2,"1":2,"2":2,"3":2,"4":2},"f":{},"b":{},"_coverageSchema":"1a1c01bbd47fc00a2c39e90264f33305004495a9","hash":"a05d684c339fa3178feb8711734123b8e99edf74"}
,"C:\\final-project-productzilla\\models\\hotel\\hotel.js": {"path":"C:\\final-project-productzilla\\models\\hotel\\hotel.js","statementMap":{"0":{"start":{"line":1,"column":17},"end":{"line":1,"column":36}},"1":{"start":{"line":3,"column":15},"end":{"line":3,"column":30}},"2":{"start":{"line":5,"column":19},"end":{"line":26,"column":24}},"3":{"start":{"line":28,"column":20},"end":{"line":54,"column":24}},"4":{"start":{"line":56,"column":19},"end":{"line":56,"column":60}},"5":{"start":{"line":58,"column":0},"end":{"line":58,"column":27}}},"fnMap":{},"branchMap":{},"s":{"0":4,"1":4,"2":4,"3":4,"4":4,"5":4},"f":{},"b":{},"_coverageSchema":"1a1c01bbd47fc00a2c39e90264f33305004495a9","hash":"b810c09a8d3747320776083728a35af7b3c482c1"}
,"C:\\final-project-productzilla\\models\\hotel\\payment.js": {"path":"C:\\final-project-productzilla\\models\\hotel\\payment.js","statementMap":{"0":{"start":{"line":1,"column":17},"end":{"line":1,"column":36}},"1":{"start":{"line":2,"column":16},"end":{"line":2,"column":36}},"2":{"start":{"line":3,"column":23},"end":{"line":3,"column":38}},"3":{"start":{"line":4,"column":15},"end":{"line":4,"column":30}},"4":{"start":{"line":6,"column":22},"end":{"line":36,"column":24}},"5":{"start":{"line":38,"column":0},"end":{"line":50,"column":3}},"6":{"start":{"line":39,"column":4},"end":{"line":49,"column":5}},"7":{"start":{"line":40,"column":24},"end":{"line":40,"column":69}},"8":{"start":{"line":41,"column":8},"end":{"line":43,"column":9}},"9":{"start":{"line":42,"column":12},"end":{"line":42,"column":55}},"10":{"start":{"line":44,"column":8},"end":{"line":44,"column":41}},"11":{"start":{"line":45,"column":8},"end":{"line":45,"column":38}},"12":{"start":{"line":46,"column":8},"end":{"line":46,"column":15}},"13":{"start":{"line":48,"column":8},"end":{"line":48,"column":20}},"14":{"start":{"line":52,"column":16},"end":{"line":52,"column":62}},"15":{"start":{"line":54,"column":0},"end":{"line":54,"column":25}}},"fnMap":{"0":{"name":"(anonymous_0)","decl":{"start":{"line":38,"column":26},"end":{"line":38,"column":27}},"loc":{"start":{"line":38,"column":47},"end":{"line":50,"column":1}},"line":38}},"branchMap":{"0":{"loc":{"start":{"line":41,"column":8},"end":{"line":43,"column":9}},"type":"if","locations":[{"start":{"line":41,"column":8},"end":{"line":43,"column":9}},{"start":{},"end":{}}],"line":41}},"s":{"0":1,"1":1,"2":1,"3":1,"4":1,"5":1,"6":3,"7":3,"8":3,"9":0,"10":3,"11":3,"12":3,"13":0,"14":1,"15":1},"f":{"0":3},"b":{"0":[0,3]},"_coverageSchema":"1a1c01bbd47fc00a2c39e90264f33305004495a9","hash":"705a48582091feff9083735ee3f2d0fe01ed092c"}
,"C:\\final-project-productzilla\\models\\user\\blacklistedtoken.js": {"path":"C:\\final-project-productzilla\\models\\user\\blacklistedtoken.js","statementMap":{"0":{"start":{"line":2,"column":17},"end":{"line":2,"column":36}},"1":{"start":{"line":4,"column":31},"end":{"line":14,"column":2}},"2":{"start":{"line":16,"column":25},"end":{"line":16,"column":83}},"3":{"start":{"line":18,"column":0},"end":{"line":18,"column":34}}},"fnMap":{},"branchMap":{},"s":{"0":2,"1":2,"2":2,"3":2},"f":{},"b":{},"_coverageSchema":"1a1c01bbd47fc00a2c39e90264f33305004495a9","hash":"89e2da15db15d6da15894e175a57c19b09eaf683"}
,"C:\\final-project-productzilla\\models\\user\\user.js": {"path":"C:\\final-project-productzilla\\models\\user\\user.js","statementMap":{"0":{"start":{"line":1,"column":17},"end":{"line":1,"column":36}},"1":{"start":{"line":2,"column":12},"end":{"line":2,"column":35}},"2":{"start":{"line":3,"column":15},"end":{"line":3,"column":32}},"3":{"start":{"line":5,"column":20},"end":{"line":10,"column":2}},"4":{"start":{"line":12,"column":19},"end":{"line":22,"column":24}},"5":{"start":{"line":25,"column":0},"end":{"line":33,"column":3}},"6":{"start":{"line":26,"column":15},"end":{"line":26,"column":19}},"7":{"start":{"line":28,"column":2},"end":{"line":30,"column":3}},"8":{"start":{"line":29,"column":4},"end":{"line":29,"column":57}},"9":{"start":{"line":32,"column":2},"end":{"line":32,"column":9}},"10":{"start":{"line":36,"column":0},"end":{"line":40,"column":2}},"11":{"start":{"line":37,"column":15},"end":{"line":37,"column":19}},"12":{"start":{"line":39,"column":2},"end":{"line":39,"column":49}},"13":{"start":{"line":43,"column":0},"end":{"line":57,"column":2}},"14":{"start":{"line":44,"column":15},"end":{"line":44,"column":19}},"15":{"start":{"line":46,"column":16},"end":{"line":50,"column":3}},"16":{"start":{"line":53,"column":2},"end":{"line":53,"column":46}},"17":{"start":{"line":54,"column":2},"end":{"line":54,"column":20}},"18":{"start":{"line":56,"column":2},"end":{"line":56,"column":15}},"19":{"start":{"line":59,"column":13},"end":{"line":59,"column":47}},"20":{"start":{"line":60,"column":0},"end":{"line":60,"column":22}}},"fnMap":{"0":{"name":"(anonymous_0)","decl":{"start":{"line":25,"column":23},"end":{"line":25,"column":24}},"loc":{"start":{"line":25,"column":45},"end":{"line":33,"column":1}},"line":25},"1":{"name":"(anonymous_1)","decl":{"start":{"line":36,"column":37},"end":{"line":36,"column":38}},"loc":{"start":{"line":36,"column":63},"end":{"line":40,"column":1}},"line":36},"2":{"name":"(anonymous_2)","decl":{"start":{"line":43,"column":39},"end":{"line":43,"column":40}},"loc":{"start":{"line":43,"column":57},"end":{"line":57,"column":1}},"line":43}},"branchMap":{"0":{"loc":{"start":{"line":28,"column":2},"end":{"line":30,"column":3}},"type":"if","locations":[{"start":{"line":28,"column":2},"end":{"line":30,"column":3}},{"start":{},"end":{}}],"line":28}},"s":{"0":3,"1":3,"2":3,"3":3,"4":3,"5":3,"6":11,"7":11,"8":8,"9":11,"10":3,"11":3,"12":3,"13":3,"14":0,"15":0,"16":0,"17":0,"18":0,"19":3,"20":3},"f":{"0":11,"1":3,"2":0},"b":{"0":[8,3]},"_coverageSchema":"1a1c01bbd47fc00a2c39e90264f33305004495a9","hash":"e19ab9805e803690cd71ad462b1619d42bc55032"}
,"C:\\final-project-productzilla\\routes\\flight\\bookingRoutes.js": {"path":"C:\\final-project-productzilla\\routes\\flight\\bookingRoutes.js","statementMap":{"0":{"start":{"line":2,"column":16},"end":{"line":2,"column":34}},"1":{"start":{"line":3,"column":15},"end":{"line":3,"column":31}},"2":{"start":{"line":4,"column":26},"end":{"line":4,"column":79}},"3":{"start":{"line":5,"column":23},"end":{"line":5,"column":65}},"4":{"start":{"line":7,"column":0},"end":{"line":7,"column":82}},"5":{"start":{"line":9,"column":0},"end":{"line":9,"column":85}},"6":{"start":{"line":11,"column":0},"end":{"line":11,"column":82}},"7":{"start":{"line":13,"column":0},"end":{"line":13,"column":84}},"8":{"start":{"line":15,"column":0},"end":{"line":15,"column":87}},"9":{"start":{"line":17,"column":0},"end":{"line":17,"column":24}}},"fnMap":{},"branchMap":{},"s":{"0":1,"1":1,"2":1,"3":1,"4":1,"5":1,"6":1,"7":1,"8":1,"9":1},"f":{},"b":{},"_coverageSchema":"1a1c01bbd47fc00a2c39e90264f33305004495a9","hash":"5498f3ee9bcc568ad21031246b8d795f0f26d838"}
,"C:\\final-project-productzilla\\routes\\flight\\flightRoutes.js": {"path":"C:\\final-project-productzilla\\routes\\flight\\flightRoutes.js","statementMap":{"0":{"start":{"line":1,"column":16},"end":{"line":1,"column":34}},"1":{"start":{"line":2,"column":15},"end":{"line":2,"column":31}},"2":{"start":{"line":3,"column":25},"end":{"line":3,"column":77}},"3":{"start":{"line":4,"column":23},"end":{"line":4,"column":65}},"4":{"start":{"line":5,"column":16},"end":{"line":5,"column":51}},"5":{"start":{"line":7,"column":0},"end":{"line":7,"column":74}},"6":{"start":{"line":9,"column":0},"end":{"line":9,"column":73}},"7":{"start":{"line":11,"column":0},"end":{"line":11,"column":87}},"8":{"start":{"line":13,"column":0},"end":{"line":13,"column":67}},"9":{"start":{"line":15,"column":0},"end":{"line":15,"column":69}},"10":{"start":{"line":17,"column":0},"end":{"line":17,"column":72}},"11":{"start":{"line":19,"column":0},"end":{"line":19,"column":24}}},"fnMap":{},"branchMap":{},"s":{"0":1,"1":1,"2":1,"3":1,"4":1,"5":1,"6":1,"7":1,"8":1,"9":1,"10":1,"11":1},"f":{},"b":{},"_coverageSchema":"1a1c01bbd47fc00a2c39e90264f33305004495a9","hash":"b9862732568120b70ffc4df7129347f8b465f803"}
,"C:\\final-project-productzilla\\routes\\flight\\paymentRoutes.js": {"path":"C:\\final-project-productzilla\\routes\\flight\\paymentRoutes.js","statementMap":{"0":{"start":{"line":1,"column":16},"end":{"line":1,"column":34}},"1":{"start":{"line":2,"column":15},"end":{"line":2,"column":31}},"2":{"start":{"line":3,"column":26},"end":{"line":3,"column":79}},"3":{"start":{"line":4,"column":23},"end":{"line":4,"column":65}},"4":{"start":{"line":5,"column":16},"end":{"line":5,"column":51}},"5":{"start":{"line":7,"column":0},"end":{"line":7,"column":84}},"6":{"start":{"line":10,"column":0},"end":{"line":10,"column":87}},"7":{"start":{"line":13,"column":0},"end":{"line":13,"column":84}},"8":{"start":{"line":16,"column":0},"end":{"line":16,"column":89}},"9":{"start":{"line":19,"column":0},"end":{"line":19,"column":79}},"10":{"start":{"line":23,"column":0},"end":{"line":23,"column":24}}},"fnMap":{},"branchMap":{},"s":{"0":1,"1":1,"2":1,"3":1,"4":1,"5":1,"6":1,"7":1,"8":1,"9":1,"10":1},"f":{},"b":{},"_coverageSchema":"1a1c01bbd47fc00a2c39e90264f33305004495a9","hash":"1e7391845b2cc78102897fab598b24ab8f7799b0"}
,"C:\\final-project-productzilla\\routes\\hotel\\hotelBookingRoutes.js": {"path":"C:\\final-project-productzilla\\routes\\hotel\\hotelBookingRoutes.js","statementMap":{"0":{"start":{"line":2,"column":16},"end":{"line":2,"column":34}},"1":{"start":{"line":3,"column":15},"end":{"line":3,"column":31}},"2":{"start":{"line":4,"column":23},"end":{"line":4,"column":65}},"3":{"start":{"line":5,"column":26},"end":{"line":5,"column":83}},"4":{"start":{"line":7,"column":0},"end":{"line":7,"column":69}},"5":{"start":{"line":8,"column":0},"end":{"line":8,"column":77}},"6":{"start":{"line":9,"column":0},"end":{"line":9,"column":74}},"7":{"start":{"line":10,"column":0},"end":{"line":10,"column":76}},"8":{"start":{"line":11,"column":0},"end":{"line":11,"column":79}},"9":{"start":{"line":13,"column":0},"end":{"line":13,"column":24}}},"fnMap":{},"branchMap":{},"s":{"0":1,"1":1,"2":1,"3":1,"4":1,"5":1,"6":1,"7":1,"8":1,"9":1},"f":{},"b":{},"_coverageSchema":"1a1c01bbd47fc00a2c39e90264f33305004495a9","hash":"16924ef7b72aabf8c2da20cc9873b638e238856a"}
,"C:\\final-project-productzilla\\routes\\hotel\\hotelRoutes.js": {"path":"C:\\final-project-productzilla\\routes\\hotel\\hotelRoutes.js","statementMap":{"0":{"start":{"line":1,"column":16},"end":{"line":1,"column":34}},"1":{"start":{"line":2,"column":15},"end":{"line":2,"column":31}},"2":{"start":{"line":3,"column":24},"end":{"line":3,"column":74}},"3":{"start":{"line":4,"column":24},"end":{"line":4,"column":74}},"4":{"start":{"line":5,"column":23},"end":{"line":5,"column":65}},"5":{"start":{"line":6,"column":16},"end":{"line":6,"column":51}},"6":{"start":{"line":9,"column":0},"end":{"line":9,"column":72}},"7":{"start":{"line":12,"column":0},"end":{"line":12,"column":75}},"8":{"start":{"line":15,"column":0},"end":{"line":15,"column":84}},"9":{"start":{"line":18,"column":0},"end":{"line":18,"column":65}},"10":{"start":{"line":21,"column":0},"end":{"line":21,"column":67}},"11":{"start":{"line":24,"column":0},"end":{"line":24,"column":70}},"12":{"start":{"line":28,"column":0},"end":{"line":28,"column":79}},"13":{"start":{"line":31,"column":0},"end":{"line":31,"column":92}},"14":{"start":{"line":34,"column":0},"end":{"line":34,"column":86}},"15":{"start":{"line":37,"column":0},"end":{"line":37,"column":89}},"16":{"start":{"line":39,"column":0},"end":{"line":39,"column":24}}},"fnMap":{},"branchMap":{},"s":{"0":1,"1":1,"2":1,"3":1,"4":1,"5":1,"6":1,"7":1,"8":1,"9":1,"10":1,"11":1,"12":1,"13":1,"14":1,"15":1,"16":1},"f":{},"b":{},"_coverageSchema":"1a1c01bbd47fc00a2c39e90264f33305004495a9","hash":"a58af448837536f2e82da09a396ebabe77d23428"}
,"C:\\final-project-productzilla\\routes\\hotel\\paymentBooking.js": {"path":"C:\\final-project-productzilla\\routes\\hotel\\paymentBooking.js","statementMap":{"0":{"start":{"line":1,"column":16},"end":{"line":1,"column":34}},"1":{"start":{"line":2,"column":15},"end":{"line":2,"column":31}},"2":{"start":{"line":5,"column":23},"end":{"line":5,"column":65}},"3":{"start":{"line":6,"column":13},"end":{"line":6,"column":48}},"4":{"start":{"line":8,"column":26},"end":{"line":8,"column":78}},"5":{"start":{"line":9,"column":0},"end":{"line":9,"column":77}},"6":{"start":{"line":10,"column":0},"end":{"line":10,"column":80}},"7":{"start":{"line":11,"column":0},"end":{"line":11,"column":77}},"8":{"start":{"line":12,"column":0},"end":{"line":12,"column":79}},"9":{"start":{"line":13,"column":0},"end":{"line":13,"column":82}},"10":{"start":{"line":14,"column":0},"end":{"line":14,"column":75}},"11":{"start":{"line":15,"column":0},"end":{"line":15,"column":24}}},"fnMap":{},"branchMap":{},"s":{"0":1,"1":1,"2":1,"3":1,"4":1,"5":1,"6":1,"7":1,"8":1,"9":1,"10":1,"11":1},"f":{},"b":{},"_coverageSchema":"1a1c01bbd47fc00a2c39e90264f33305004495a9","hash":"3e54ceac32a5b2fd31e625dfcf0cbd22a5aca0f8"}
,"C:\\final-project-productzilla\\routes\\user\\adminRoutes.js": {"path":"C:\\final-project-productzilla\\routes\\user\\adminRoutes.js","statementMap":{"0":{"start":{"line":1,"column":16},"end":{"line":1,"column":34}},"1":{"start":{"line":2,"column":15},"end":{"line":2,"column":31}},"2":{"start":{"line":3,"column":24},"end":{"line":3,"column":73}},"3":{"start":{"line":4,"column":13},"end":{"line":4,"column":50}},"4":{"start":{"line":7,"column":0},"end":{"line":7,"column":61}},"5":{"start":{"line":8,"column":0},"end":{"line":8,"column":61}},"6":{"start":{"line":9,"column":0},"end":{"line":9,"column":64}},"7":{"start":{"line":10,"column":0},"end":{"line":10,"column":63}},"8":{"start":{"line":11,"column":0},"end":{"line":11,"column":66}},"9":{"start":{"line":13,"column":0},"end":{"line":13,"column":24}}},"fnMap":{},"branchMap":{},"s":{"0":1,"1":1,"2":1,"3":1,"4":1,"5":1,"6":1,"7":1,"8":1,"9":1},"f":{},"b":{},"_coverageSchema":"1a1c01bbd47fc00a2c39e90264f33305004495a9","hash":"5c1dbe18347f73118961c9c31d8fb88478816dc5"}
,"C:\\final-project-productzilla\\routes\\user\\authRoutes.js": {"path":"C:\\final-project-productzilla\\routes\\user\\authRoutes.js","statementMap":{"0":{"start":{"line":1,"column":16},"end":{"line":1,"column":34}},"1":{"start":{"line":2,"column":15},"end":{"line":2,"column":31}},"2":{"start":{"line":3,"column":26},"end":{"line":3,"column":64}},"3":{"start":{"line":5,"column":0},"end":{"line":5,"column":33}},"4":{"start":{"line":6,"column":0},"end":{"line":6,"column":35}},"5":{"start":{"line":8,"column":0},"end":{"line":8,"column":24}}},"fnMap":{},"branchMap":{},"s":{"0":1,"1":1,"2":1,"3":1,"4":1,"5":1},"f":{},"b":{},"_coverageSchema":"1a1c01bbd47fc00a2c39e90264f33305004495a9","hash":"f3764a5db2654f9c139f352b3c1bd02bb063c2ea"}
,"C:\\final-project-productzilla\\routes\\user\\userRoutes.js": {"path":"C:\\final-project-productzilla\\routes\\user\\userRoutes.js","statementMap":{"0":{"start":{"line":1,"column":16},"end":{"line":1,"column":34}},"1":{"start":{"line":2,"column":15},"end":{"line":2,"column":31}},"2":{"start":{"line":3,"column":23},"end":{"line":3,"column":71}},"3":{"start":{"line":4,"column":23},"end":{"line":4,"column":65}},"4":{"start":{"line":5,"column":16},"end":{"line":5,"column":51}},"5":{"start":{"line":7,"column":0},"end":{"line":7,"column":54}},"6":{"start":{"line":8,"column":0},"end":{"line":8,"column":73}},"7":{"start":{"line":9,"column":0},"end":{"line":9,"column":72}},"8":{"start":{"line":10,"column":0},"end":{"line":10,"column":75}},"9":{"start":{"line":12,"column":0},"end":{"line":12,"column":63}},"10":{"start":{"line":13,"column":0},"end":{"line":13,"column":24}}},"fnMap":{},"branchMap":{},"s":{"0":1,"1":1,"2":1,"3":1,"4":1,"5":1,"6":1,"7":1,"8":1,"9":1,"10":1},"f":{},"b":{},"_coverageSchema":"1a1c01bbd47fc00a2c39e90264f33305004495a9","hash":"4809183b3a8a71241907efbb6f504484ae5ba6ee"}
}
