TN:
SF:app.js
FNF:0
FNH:0
DA:1,1
DA:3,1
DA:5,1
LF:3
LH:3
BRF:0
BRH:0
end_of_record
TN:
SF:server.js
FN:12,server
FNF:1
FNH:1
FNDA:1,server
DA:1,1
DA:2,1
DA:3,1
DA:4,1
DA:5,1
DA:6,1
DA:7,1
DA:8,1
DA:13,1
DA:14,1
DA:15,1
DA:16,1
DA:18,1
DA:19,1
DA:22,1
DA:23,1
DA:26,1
DA:27,1
DA:28,1
DA:29,1
DA:32,1
DA:33,1
DA:34,1
DA:35,1
DA:36,1
DA:37,1
DA:40,1
DA:41,1
DA:42,1
DA:43,1
DA:44,1
DA:45,1
DA:47,1
DA:51,1
LF:34
LH:34
BRF:0
BRH:0
end_of_record
TN:
SF:controllers\auth\adminController.js
FN:3,(anonymous_0)
FN:12,(anonymous_1)
FN:22,(anonymous_2)
FN:40,(anonymous_3)
FN:59,(anonymous_4)
FNF:5
FNH:1
FNDA:0,(anonymous_0)
FNDA:0,(anonymous_1)
FNDA:1,(anonymous_2)
FNDA:0,(anonymous_3)
FNDA:0,(anonymous_4)
DA:1,1
DA:3,1
DA:4,0
DA:5,0
DA:6,0
DA:8,0
DA:12,1
DA:13,0
DA:14,0
DA:15,0
DA:16,0
DA:18,0
DA:22,1
DA:23,1
DA:32,1
DA:33,1
DA:34,1
DA:36,0
DA:40,1
DA:41,0
DA:42,0
DA:43,0
DA:45,0
DA:46,0
DA:47,0
DA:48,0
DA:49,0
DA:50,0
DA:52,0
DA:53,0
DA:55,0
DA:59,1
DA:60,0
DA:61,0
DA:62,0
DA:64,0
DA:65,0
DA:67,0
LF:38
LH:10
BRDA:15,0,0,0
BRDA:15,0,1,0
BRDA:15,1,0,0
BRDA:15,1,1,0
BRDA:43,2,0,0
BRDA:43,2,1,0
BRDA:43,3,0,0
BRDA:43,3,1,0
BRDA:45,4,0,0
BRDA:45,4,1,0
BRDA:46,5,0,0
BRDA:46,5,1,0
BRDA:47,6,0,0
BRDA:47,6,1,0
BRDA:48,7,0,0
BRDA:48,7,1,0
BRDA:49,8,0,0
BRDA:49,8,1,0
BRDA:50,9,0,0
BRDA:50,9,1,0
BRDA:62,10,0,0
BRDA:62,10,1,0
BRDA:62,11,0,0
BRDA:62,11,1,0
BRF:24
BRH:0
end_of_record
TN:
SF:controllers\auth\auth.js
FN:6,(anonymous_0)
FN:55,(anonymous_1)
FNF:2
FNH:2
FNDA:8,(anonymous_0)
FNDA:3,(anonymous_1)
DA:1,2
DA:2,2
DA:3,2
DA:4,2
DA:6,2
DA:7,8
DA:10,8
DA:11,3
DA:14,5
DA:16,5
DA:18,5
DA:19,0
DA:23,5
DA:25,5
DA:26,2
DA:28,3
DA:29,0
DA:33,3
DA:36,3
DA:37,3
DA:39,2
DA:52,1
DA:55,2
DA:56,3
DA:57,3
DA:58,1
DA:60,2
DA:62,2
DA:63,2
DA:64,1
DA:67,1
DA:68,1
DA:69,1
LF:33
LH:31
BRDA:10,0,0,3
BRDA:10,0,1,5
BRDA:10,1,0,8
BRDA:10,1,1,6
BRDA:18,2,0,0
BRDA:18,2,1,5
BRDA:25,3,0,2
BRDA:25,3,1,3
BRDA:28,4,0,0
BRDA:28,4,1,3
BRDA:57,5,0,1
BRDA:57,5,1,2
BRDA:63,6,0,1
BRDA:63,6,1,1
BRF:14
BRH:12
end_of_record
TN:
SF:controllers\auth\userController.js
FN:3,(anonymous_0)
FN:12,(anonymous_1)
FN:22,(anonymous_2)
FN:40,(anonymous_3)
FN:59,(anonymous_4)
FNF:5
FNH:5
FNDA:2,(anonymous_0)
FNDA:5,(anonymous_1)
FNDA:9,(anonymous_2)
FNDA:9,(anonymous_3)
FNDA:4,(anonymous_4)
DA:1,2
DA:3,2
DA:4,2
DA:5,2
DA:6,1
DA:8,1
DA:12,2
DA:13,5
DA:14,5
DA:15,4
DA:16,2
DA:18,1
DA:22,2
DA:23,9
DA:24,9
DA:32,9
DA:33,2
DA:36,7
DA:40,2
DA:41,9
DA:42,9
DA:43,8
DA:45,8
DA:46,7
DA:47,7
DA:48,7
DA:49,7
DA:50,7
DA:52,7
DA:53,7
DA:55,2
DA:59,2
DA:60,4
DA:61,4
DA:62,3
DA:64,3
DA:65,2
DA:67,2
LF:38
LH:38
BRDA:15,0,0,2
BRDA:15,0,1,2
BRDA:43,1,0,1
BRDA:43,1,1,7
BRDA:45,2,0,8
BRDA:45,2,1,2
BRDA:46,3,0,7
BRDA:46,3,1,2
BRDA:47,4,0,7
BRDA:47,4,1,2
BRDA:48,5,0,7
BRDA:48,5,1,2
BRDA:49,6,0,7
BRDA:49,6,1,2
BRDA:50,7,0,7
BRDA:50,7,1,7
BRDA:62,8,0,1
BRDA:62,8,1,2
BRF:18
BRH:18
end_of_record
TN:
SF:controllers\flight\bookingController.js
FN:5,(anonymous_0)
FN:15,(anonymous_1)
FN:29,(anonymous_2)
FN:54,(anonymous_3)
FN:72,(anonymous_4)
FNF:5
FNH:5
FNDA:2,(anonymous_0)
FNDA:3,(anonymous_1)
FNDA:9,(anonymous_2)
FNDA:3,(anonymous_3)
FNDA:3,(anonymous_4)
DA:1,2
DA:2,2
DA:5,2
DA:6,2
DA:7,2
DA:8,1
DA:10,1
DA:15,2
DA:16,3
DA:17,3
DA:18,1
DA:19,0
DA:21,1
DA:23,2
DA:29,2
DA:30,9
DA:38,9
DA:39,9
DA:40,8
DA:41,0
DA:43,7
DA:44,7
DA:46,7
DA:47,2
DA:49,7
DA:54,2
DA:55,3
DA:56,3
DA:57,2
DA:58,0
DA:60,2
DA:61,2
DA:62,2
DA:63,2
DA:64,2
DA:65,2
DA:67,1
DA:72,2
DA:73,3
DA:74,3
DA:75,2
DA:76,0
DA:79,2
DA:80,2
DA:82,1
LF:45
LH:41
BRDA:18,0,0,0
BRDA:18,0,1,1
BRDA:40,1,0,0
BRDA:40,1,1,7
BRDA:57,2,0,0
BRDA:57,2,1,2
BRDA:75,3,0,0
BRDA:75,3,1,2
BRF:8
BRH:4
end_of_record
TN:
SF:controllers\flight\flightController.js
FN:4,(anonymous_0)
FN:27,(anonymous_1)
FN:43,(anonymous_2)
FN:53,(anonymous_3)
FN:67,(anonymous_4)
FN:80,(anonymous_5)
FNF:6
FNH:6
FNDA:18,(anonymous_0)
FNDA:2,(anonymous_1)
FNDA:1,(anonymous_2)
FNDA:5,(anonymous_3)
FNDA:6,(anonymous_4)
FNDA:5,(anonymous_5)
DA:1,2
DA:4,2
DA:5,18
DA:6,18
DA:7,18
DA:10,3
DA:20,2
DA:22,16
DA:27,2
DA:28,2
DA:30,2
DA:31,2
DA:35,2
DA:38,0
DA:43,2
DA:44,1
DA:45,1
DA:46,1
DA:48,0
DA:53,2
DA:54,5
DA:55,5
DA:56,1
DA:57,0
DA:59,1
DA:61,4
DA:67,2
DA:68,6
DA:69,6
DA:70,2
DA:71,0
DA:73,2
DA:75,4
DA:80,2
DA:81,5
DA:82,5
DA:83,3
DA:84,1
DA:86,2
DA:87,1
DA:89,3
LF:41
LH:37
BRDA:56,0,0,0
BRDA:56,0,1,1
BRDA:70,1,0,0
BRDA:70,1,1,2
BRDA:83,2,0,1
BRDA:83,2,1,2
BRF:6
BRH:4
end_of_record
TN:
SF:controllers\flight\paymentController.js
FN:4,(anonymous_0)
FN:13,(anonymous_1)
FN:26,(anonymous_2)
FN:42,(anonymous_3)
FN:59,(anonymous_4)
FN:80,(anonymous_5)
FNF:6
FNH:6
FNDA:2,(anonymous_0)
FNDA:6,(anonymous_1)
FNDA:7,(anonymous_2)
FNDA:3,(anonymous_3)
FNDA:8,(anonymous_4)
FNDA:8,(anonymous_5)
DA:1,3
DA:2,3
DA:4,3
DA:5,2
DA:6,2
DA:7,1
DA:9,1
DA:13,3
DA:14,6
DA:15,6
DA:16,1
DA:17,0
DA:19,1
DA:21,5
DA:26,3
DA:27,7
DA:34,7
DA:35,7
DA:36,4
DA:38,3
DA:42,3
DA:43,3
DA:44,3
DA:45,2
DA:46,1
DA:48,1
DA:49,1
DA:50,1
DA:51,0
DA:53,2
DA:59,3
DA:60,8
DA:61,8
DA:62,6
DA:63,1
DA:65,5
DA:66,5
DA:67,2
DA:68,2
DA:69,0
DA:71,2
DA:72,2
DA:73,1
DA:75,6
DA:80,3
DA:81,8
DA:82,8
DA:83,6
DA:84,1
DA:87,5
DA:88,1
DA:90,6
LF:52
LH:49
BRDA:16,0,0,0
BRDA:16,0,1,1
BRDA:45,1,0,1
BRDA:45,1,1,1
BRDA:62,2,0,1
BRDA:62,2,1,5
BRDA:68,3,0,0
BRDA:68,3,1,2
BRDA:83,4,0,1
BRDA:83,4,1,5
BRF:10
BRH:8
end_of_record
TN:
SF:controllers\hotel\hotelBookingController.js
FN:4,(anonymous_0)
FN:9,(anonymous_1)
FN:39,(anonymous_2)
FN:52,(anonymous_3)
FN:62,(anonymous_4)
FN:75,(anonymous_5)
FN:99,(anonymous_6)
FNF:7
FNH:5
FNDA:5,(anonymous_0)
FNDA:0,(anonymous_1)
FNDA:4,(anonymous_2)
FNDA:2,(anonymous_3)
FNDA:5,(anonymous_4)
FNDA:0,(anonymous_5)
FNDA:3,(anonymous_6)
DA:1,2
DA:2,2
DA:4,2
DA:5,5
DA:6,5
DA:7,5
DA:8,2
DA:9,2
DA:10,2
DA:11,2
DA:12,0
DA:15,2
DA:25,2
DA:26,2
DA:28,2
DA:34,3
DA:39,2
DA:40,4
DA:41,4
DA:42,1
DA:43,0
DA:45,1
DA:48,3
DA:52,2
DA:53,2
DA:54,2
DA:55,1
DA:57,1
DA:62,2
DA:63,5
DA:64,5
DA:65,4
DA:66,1
DA:67,0
DA:69,1
DA:70,0
DA:71,0
DA:73,1
DA:74,1
DA:75,1
DA:76,1
DA:77,1
DA:78,0
DA:80,1
DA:81,1
DA:82,1
DA:83,1
DA:84,1
DA:85,1
DA:86,1
DA:87,1
DA:88,1
DA:89,1
DA:90,1
DA:95,4
DA:99,2
DA:100,3
DA:101,3
DA:104,2
DA:105,1
DA:106,0
DA:110,1
DA:113,1
DA:115,1
DA:118,2
LF:65
LH:58
BRDA:11,0,0,0
BRDA:11,0,1,2
BRDA:42,1,0,0
BRDA:42,1,1,1
BRDA:66,2,0,0
BRDA:66,2,1,1
BRDA:69,3,0,0
BRDA:69,3,1,1
BRDA:77,4,0,0
BRDA:77,4,1,1
BRDA:105,5,0,0
BRDA:105,5,1,1
BRF:12
BRH:6
end_of_record
TN:
SF:controllers\hotel\hotelController.js
FN:4,(anonymous_0)
FN:14,(anonymous_1)
FN:26,(anonymous_2)
FN:38,(anonymous_3)
FN:48,(anonymous_4)
FN:64,(anonymous_5)
FNF:6
FNH:6
FNDA:2,(anonymous_0)
FNDA:4,(anonymous_1)
FNDA:4,(anonymous_2)
FNDA:6,(anonymous_3)
FNDA:4,(anonymous_4)
FNDA:4,(anonymous_5)
DA:1,2
DA:3,2
DA:5,2
DA:6,2
DA:7,2
DA:10,0
DA:15,4
DA:16,4
DA:17,1
DA:18,0
DA:20,1
DA:23,3
DA:27,4
DA:28,4
DA:29,4
DA:31,3
DA:34,1
DA:39,6
DA:40,6
DA:41,6
DA:42,5
DA:44,1
DA:49,4
DA:50,4
DA:55,3
DA:56,1
DA:58,2
DA:60,1
DA:65,4
DA:66,4
DA:67,4
DA:68,2
DA:70,2
DA:73,0
DA:78,2
LF:35
LH:32
BRDA:17,0,0,0
BRDA:17,0,1,1
BRDA:55,1,0,1
BRDA:55,1,1,2
BRDA:67,2,0,2
BRDA:67,2,1,2
BRF:6
BRH:5
end_of_record
TN:
SF:controllers\hotel\paymentController.js
FN:5,(anonymous_0)
FN:29,(anonymous_1)
FN:57,(anonymous_2)
FN:67,(anonymous_3)
FN:80,(anonymous_4)
FN:94,(anonymous_5)
FNF:6
FNH:5
FNDA:0,(anonymous_0)
FNDA:3,(anonymous_1)
FNDA:1,(anonymous_2)
FNDA:2,(anonymous_3)
FNDA:2,(anonymous_4)
FNDA:2,(anonymous_5)
DA:1,1
DA:2,1
DA:5,1
DA:6,0
DA:7,0
DA:8,0
DA:9,0
DA:11,0
DA:12,0
DA:13,0
DA:14,0
DA:16,0
DA:17,0
DA:18,0
DA:20,0
DA:21,0
DA:23,0
DA:25,0
DA:29,1
DA:30,3
DA:31,3
DA:34,3
DA:35,3
DA:36,1
DA:40,2
DA:45,2
DA:47,2
DA:49,2
DA:52,0
DA:57,1
DA:58,1
DA:59,1
DA:60,1
DA:63,0
DA:67,1
DA:68,2
DA:69,2
DA:70,1
DA:71,0
DA:73,1
DA:76,1
DA:80,1
DA:81,2
DA:82,2
DA:83,1
DA:84,0
DA:86,1
DA:88,1
DA:89,1
DA:91,1
DA:94,1
DA:95,2
DA:96,2
DA:97,1
DA:98,0
DA:100,1
DA:103,1
LF:57
LH:37
BRDA:8,0,0,0
BRDA:8,0,1,0
BRDA:17,1,0,0
BRDA:17,1,1,0
BRDA:35,2,0,1
BRDA:35,2,1,2
BRDA:70,3,0,0
BRDA:70,3,1,1
BRDA:83,4,0,0
BRDA:83,4,1,1
BRDA:97,5,0,0
BRDA:97,5,1,1
BRF:12
BRH:5
end_of_record
TN:
SF:controllers\hotel\roomsController.js
FN:3,(anonymous_0)
FN:29,(anonymous_1)
FN:45,(anonymous_2)
FN:52,(anonymous_3)
FN:71,(anonymous_4)
FN:77,(anonymous_5)
FNF:6
FNH:6
FNDA:7,(anonymous_0)
FNDA:3,(anonymous_1)
FNDA:4,(anonymous_2)
FNDA:1,(anonymous_3)
FNDA:6,(anonymous_4)
FNDA:2,(anonymous_5)
DA:1,2
DA:3,2
DA:4,7
DA:5,7
DA:6,7
DA:7,5
DA:8,0
DA:10,5
DA:17,5
DA:18,5
DA:19,1
DA:25,6
DA:29,2
DA:30,3
DA:31,3
DA:32,1
DA:33,0
DA:35,1
DA:41,2
DA:45,2
DA:46,4
DA:47,4
DA:48,4
DA:49,1
DA:50,0
DA:52,1
DA:53,1
DA:54,0
DA:56,1
DA:57,1
DA:58,1
DA:59,1
DA:60,1
DA:61,1
DA:62,1
DA:67,3
DA:71,2
DA:72,6
DA:73,6
DA:74,2
DA:75,0
DA:77,2
DA:78,2
DA:79,1
DA:81,1
DA:82,1
DA:83,1
DA:88,4
LF:48
LH:43
BRDA:7,0,0,0
BRDA:7,0,1,5
BRDA:32,1,0,0
BRDA:32,1,1,1
BRDA:49,2,0,0
BRDA:49,2,1,1
BRDA:53,3,0,0
BRDA:53,3,1,1
BRDA:74,4,0,0
BRDA:74,4,1,2
BRDA:78,5,0,1
BRDA:78,5,1,1
BRF:12
BRH:7
end_of_record
TN:
SF:database\index.js
FN:3,connect
FN:9,(anonymous_1)
FN:13,disconnect
FN:16,clearDB
FNF:4
FNH:2
FNDA:1,connect
FNDA:0,(anonymous_1)
FNDA:1,disconnect
FNDA:0,clearDB
DA:1,1
DA:2,1
DA:4,1
DA:7,1
DA:8,1
DA:9,1
DA:10,0
DA:14,1
DA:17,0
DA:18,0
DA:20,0
DA:22,1
LF:12
LH:8
BRF:0
BRH:0
end_of_record
TN:
SF:fixtures\clearDb.js
FN:8,deleteUser
FNF:1
FNH:1
FNDA:2,deleteUser
DA:1,1
DA:2,1
DA:3,1
DA:4,1
DA:5,1
DA:6,1
DA:7,1
DA:9,2
DA:11,2
DA:12,2
DA:13,2
DA:15,2
DA:16,2
DA:17,2
DA:20,1
LF:15
LH:15
BRF:0
BRH:0
end_of_record
TN:
SF:middleware\authMiddleware.js
FN:4,(anonymous_0)
FNF:1
FNH:1
FNDA:69,(anonymous_0)
DA:1,1
DA:2,1
DA:4,1
DA:5,69
DA:6,69
DA:7,69
DA:8,3
DA:11,66
DA:12,66
DA:13,65
DA:15,65
DA:16,2
DA:19,63
DA:20,63
DA:21,63
DA:23,6
DA:27,1
LF:17
LH:17
BRDA:7,0,0,3
BRDA:7,0,1,66
BRDA:7,1,0,69
BRDA:7,1,1,66
BRDA:15,2,0,2
BRDA:15,2,1,63
BRDA:23,3,0,6
BRDA:23,3,1,0
BRF:8
BRH:7
end_of_record
TN:
SF:middleware\isAdmin.js
FN:4,(anonymous_0)
FNF:1
FNH:1
FNDA:42,(anonymous_0)
DA:1,1
DA:2,1
DA:4,1
DA:5,42
DA:6,42
DA:7,42
DA:8,0
DA:10,42
DA:11,42
DA:12,42
DA:13,42
DA:14,41
DA:15,41
DA:16,41
DA:18,0
DA:21,1
DA:24,1
LF:17
LH:15
BRDA:7,0,0,0
BRDA:7,0,1,42
BRDA:7,1,0,42
BRDA:7,1,1,42
BRDA:13,2,0,41
BRDA:13,2,1,0
BRDA:13,3,0,42
BRDA:13,3,1,42
BRDA:21,4,0,1
BRDA:21,4,1,0
BRF:10
BRH:7
end_of_record
TN:
SF:middleware\onlyAdmin.js
FN:3,auth
FNF:1
FNH:1
FNDA:1,auth
DA:1,1
DA:4,1
DA:5,1
DA:7,1
DA:10,0
DA:11,0
DA:18,1
LF:7
LH:5
BRDA:5,0,0,1
BRDA:5,0,1,0
BRF:2
BRH:1
end_of_record
TN:
SF:models\flight\booking.js
FNF:0
FNH:0
DA:1,4
DA:2,4
DA:4,4
DA:50,4
DA:52,4
LF:5
LH:5
BRF:0
BRH:0
end_of_record
TN:
SF:models\flight\flight.js
FNF:0
FNH:0
DA:1,3
DA:2,3
DA:4,3
DA:75,3
DA:77,3
LF:5
LH:5
BRF:0
BRH:0
end_of_record
TN:
SF:models\flight\payment.js
FN:34,(anonymous_0)
FNF:1
FNH:1
FNDA:3,(anonymous_0)
DA:1,3
DA:2,3
DA:3,3
DA:4,3
DA:5,3
DA:34,3
DA:35,3
DA:36,3
DA:37,3
DA:38,0
DA:40,3
DA:41,3
DA:42,3
DA:43,3
DA:45,0
DA:49,3
DA:51,3
LF:17
LH:15
BRDA:37,0,0,0
BRDA:37,0,1,3
BRF:2
BRH:1
end_of_record
TN:
SF:models\hotel\booking.js
FNF:0
FNH:0
DA:1,2
DA:2,2
DA:4,2
DA:57,2
DA:59,2
LF:5
LH:5
BRF:0
BRH:0
end_of_record
TN:
SF:models\hotel\hotel.js
FNF:0
FNH:0
DA:1,4
DA:3,4
DA:5,4
DA:28,4
DA:56,4
DA:58,4
LF:6
LH:6
BRF:0
BRH:0
end_of_record
TN:
SF:models\hotel\payment.js
FN:38,(anonymous_0)
FNF:1
FNH:1
FNDA:3,(anonymous_0)
DA:1,1
DA:2,1
DA:3,1
DA:4,1
DA:6,1
DA:38,1
DA:39,3
DA:40,3
DA:41,3
DA:42,0
DA:44,3
DA:45,3
DA:46,3
DA:48,0
DA:52,1
DA:54,1
LF:16
LH:14
BRDA:41,0,0,0
BRDA:41,0,1,3
BRF:2
BRH:1
end_of_record
TN:
SF:models\user\blacklistedtoken.js
FNF:0
FNH:0
DA:2,2
DA:4,2
DA:16,2
DA:18,2
LF:4
LH:4
BRF:0
BRH:0
end_of_record
TN:
SF:models\user\user.js
FN:25,(anonymous_0)
FN:36,(anonymous_1)
FN:43,(anonymous_2)
FNF:3
FNH:2
FNDA:11,(anonymous_0)
FNDA:3,(anonymous_1)
FNDA:0,(anonymous_2)
DA:1,3
DA:2,3
DA:3,3
DA:5,3
DA:12,3
DA:25,3
DA:26,11
DA:28,11
DA:29,8
DA:32,11
DA:36,3
DA:37,3
DA:39,3
DA:43,3
DA:44,0
DA:46,0
DA:53,0
DA:54,0
DA:56,0
DA:59,3
DA:60,3
LF:21
LH:16
BRDA:28,0,0,8
BRDA:28,0,1,3
BRF:2
BRH:2
end_of_record
TN:
SF:routes\flight\bookingRoutes.js
FNF:0
FNH:0
DA:2,1
DA:3,1
DA:4,1
DA:5,1
DA:7,1
DA:9,1
DA:11,1
DA:13,1
DA:15,1
DA:17,1
LF:10
LH:10
BRF:0
BRH:0
end_of_record
TN:
SF:routes\flight\flightRoutes.js
FNF:0
FNH:0
DA:1,1
DA:2,1
DA:3,1
DA:4,1
DA:5,1
DA:7,1
DA:9,1
DA:11,1
DA:13,1
DA:15,1
DA:17,1
DA:19,1
LF:12
LH:12
BRF:0
BRH:0
end_of_record
TN:
SF:routes\flight\paymentRoutes.js
FNF:0
FNH:0
DA:1,1
DA:2,1
DA:3,1
DA:4,1
DA:5,1
DA:7,1
DA:10,1
DA:13,1
DA:16,1
DA:19,1
DA:23,1
LF:11
LH:11
BRF:0
BRH:0
end_of_record
TN:
SF:routes\hotel\hotelBookingRoutes.js
FNF:0
FNH:0
DA:2,1
DA:3,1
DA:4,1
DA:5,1
DA:7,1
DA:8,1
DA:9,1
DA:10,1
DA:11,1
DA:13,1
LF:10
LH:10
BRF:0
BRH:0
end_of_record
TN:
SF:routes\hotel\hotelRoutes.js
FNF:0
FNH:0
DA:1,1
DA:2,1
DA:3,1
DA:4,1
DA:5,1
DA:6,1
DA:9,1
DA:12,1
DA:15,1
DA:18,1
DA:21,1
DA:24,1
DA:28,1
DA:31,1
DA:34,1
DA:37,1
DA:39,1
LF:17
LH:17
BRF:0
BRH:0
end_of_record
TN:
SF:routes\hotel\paymentBooking.js
FNF:0
FNH:0
DA:1,1
DA:2,1
DA:5,1
DA:6,1
DA:8,1
DA:9,1
DA:10,1
DA:11,1
DA:12,1
DA:13,1
DA:14,1
DA:15,1
LF:12
LH:12
BRF:0
BRH:0
end_of_record
TN:
SF:routes\user\adminRoutes.js
FNF:0
FNH:0
DA:1,1
DA:2,1
DA:3,1
DA:4,1
DA:7,1
DA:8,1
DA:9,1
DA:10,1
DA:11,1
DA:13,1
LF:10
LH:10
BRF:0
BRH:0
end_of_record
TN:
SF:routes\user\authRoutes.js
FNF:0
FNH:0
DA:1,1
DA:2,1
DA:3,1
DA:5,1
DA:6,1
DA:8,1
LF:6
LH:6
BRF:0
BRH:0
end_of_record
TN:
SF:routes\user\userRoutes.js
FNF:0
FNH:0
DA:1,1
DA:2,1
DA:3,1
DA:4,1
DA:5,1
DA:7,1
DA:8,1
DA:9,1
DA:10,1
DA:12,1
DA:13,1
LF:11
LH:11
BRF:0
BRH:0
end_of_record
